<?xml version="1.0" encoding="UTF-8"?>
<coverage generated="1756590831">
  <project timestamp="1756590831">
    <file name="/Users/vidarbrekke/Dev/CursorApps/wp-migrate/wp-migrate/src/Admin/SettingsPage.php">
      <class name="WpMigrate\Admin\SettingsPage" namespace="global">
        <metrics complexity="57" methods="22" coveredmethods="0" conditionals="0" coveredconditionals="0" statements="403" coveredstatements="0" elements="425" coveredelements="0"/>
      </class>
      <line num="4" type="stmt" count="0"/>
      <line num="15" type="method" name="__construct" visibility="public" complexity="1" crap="2" count="0"/>
      <line num="16" type="stmt" count="0"/>
      <line num="19" type="method" name="register" visibility="public" complexity="1" crap="2" count="0"/>
      <line num="20" type="stmt" count="0"/>
      <line num="21" type="stmt" count="0"/>
      <line num="22" type="stmt" count="0"/>
      <line num="23" type="stmt" count="0"/>
      <line num="24" type="stmt" count="0"/>
      <line num="30" type="method" name="handle_emergency_actions" visibility="public" complexity="9" crap="90" count="0"/>
      <line num="31" type="stmt" count="0"/>
      <line num="32" type="stmt" count="0"/>
      <line num="35" type="stmt" count="0"/>
      <line num="36" type="stmt" count="0"/>
      <line num="39" type="stmt" count="0"/>
      <line num="40" type="stmt" count="0"/>
      <line num="42" type="stmt" count="0"/>
      <line num="43" type="stmt" count="0"/>
      <line num="44" type="stmt" count="0"/>
      <line num="45" type="stmt" count="0"/>
      <line num="46" type="stmt" count="0"/>
      <line num="47" type="stmt" count="0"/>
      <line num="52" type="stmt" count="0"/>
      <line num="53" type="stmt" count="0"/>
      <line num="54" type="stmt" count="0"/>
      <line num="55" type="stmt" count="0"/>
      <line num="56" type="stmt" count="0"/>
      <line num="57" type="stmt" count="0"/>
      <line num="59" type="stmt" count="0"/>
      <line num="61" type="stmt" count="0"/>
      <line num="62" type="stmt" count="0"/>
      <line num="63" type="stmt" count="0"/>
      <line num="64" type="stmt" count="0"/>
      <line num="65" type="stmt" count="0"/>
      <line num="72" type="method" name="handle_emergency_stop" visibility="private" complexity="2" crap="6" count="0"/>
      <line num="73" type="stmt" count="0"/>
      <line num="75" type="stmt" count="0"/>
      <line num="76" type="stmt" count="0"/>
      <line num="77" type="stmt" count="0"/>
      <line num="78" type="stmt" count="0"/>
      <line num="79" type="stmt" count="0"/>
      <line num="80" type="stmt" count="0"/>
      <line num="84" type="stmt" count="0"/>
      <line num="85" type="stmt" count="0"/>
      <line num="86" type="stmt" count="0"/>
      <line num="87" type="stmt" count="0"/>
      <line num="88" type="stmt" count="0"/>
      <line num="90" type="stmt" count="0"/>
      <line num="91" type="stmt" count="0"/>
      <line num="92" type="stmt" count="0"/>
      <line num="93" type="stmt" count="0"/>
      <line num="99" type="method" name="handle_emergency_rollback" visibility="private" complexity="2" crap="6" count="0"/>
      <line num="100" type="stmt" count="0"/>
      <line num="102" type="stmt" count="0"/>
      <line num="103" type="stmt" count="0"/>
      <line num="104" type="stmt" count="0"/>
      <line num="105" type="stmt" count="0"/>
      <line num="106" type="stmt" count="0"/>
      <line num="107" type="stmt" count="0"/>
      <line num="111" type="stmt" count="0"/>
      <line num="113" type="stmt" count="0"/>
      <line num="114" type="stmt" count="0"/>
      <line num="115" type="stmt" count="0"/>
      <line num="116" type="stmt" count="0"/>
      <line num="122" type="method" name="perform_rollback" visibility="private" complexity="2" crap="6" count="0"/>
      <line num="124" type="stmt" count="0"/>
      <line num="125" type="stmt" count="0"/>
      <line num="126" type="stmt" count="0"/>
      <line num="130" type="stmt" count="0"/>
      <line num="131" type="stmt" count="0"/>
      <line num="132" type="stmt" count="0"/>
      <line num="133" type="stmt" count="0"/>
      <line num="134" type="stmt" count="0"/>
      <line num="140" type="method" name="show_admin_notices" visibility="public" complexity="2" crap="6" count="0"/>
      <line num="141" type="stmt" count="0"/>
      <line num="142" type="stmt" count="0"/>
      <line num="143" type="stmt" count="0"/>
      <line num="146" type="stmt" count="0"/>
      <line num="148" type="stmt" count="0"/>
      <line num="149" type="stmt" count="0"/>
      <line num="150" type="stmt" count="0"/>
      <line num="151" type="stmt" count="0"/>
      <line num="152" type="stmt" count="0"/>
      <line num="153" type="stmt" count="0"/>
      <line num="156" type="method" name="add_menu" visibility="public" complexity="1" crap="2" count="0"/>
      <line num="157" type="stmt" count="0"/>
      <line num="158" type="stmt" count="0"/>
      <line num="159" type="stmt" count="0"/>
      <line num="160" type="stmt" count="0"/>
      <line num="161" type="stmt" count="0"/>
      <line num="162" type="stmt" count="0"/>
      <line num="163" type="stmt" count="0"/>
      <line num="165" type="stmt" count="0"/>
      <line num="166" type="stmt" count="0"/>
      <line num="167" type="stmt" count="0"/>
      <line num="168" type="stmt" count="0"/>
      <line num="169" type="stmt" count="0"/>
      <line num="170" type="stmt" count="0"/>
      <line num="171" type="stmt" count="0"/>
      <line num="172" type="stmt" count="0"/>
      <line num="175" type="method" name="register_settings" visibility="public" complexity="1" crap="2" count="0"/>
      <line num="176" type="stmt" count="0"/>
      <line num="177" type="stmt" count="0"/>
      <line num="178" type="stmt" count="0"/>
      <line num="179" type="stmt" count="0"/>
      <line num="180" type="stmt" count="0"/>
      <line num="181" type="stmt" count="0"/>
      <line num="182" type="stmt" count="0"/>
      <line num="183" type="stmt" count="0"/>
      <line num="184" type="stmt" count="0"/>
      <line num="186" type="stmt" count="0"/>
      <line num="187" type="stmt" count="0"/>
      <line num="188" type="stmt" count="0"/>
      <line num="189" type="stmt" count="0"/>
      <line num="190" type="stmt" count="0"/>
      <line num="191" type="stmt" count="0"/>
      <line num="193" type="stmt" count="0"/>
      <line num="194" type="stmt" count="0"/>
      <line num="195" type="stmt" count="0"/>
      <line num="196" type="stmt" count="0"/>
      <line num="197" type="stmt" count="0"/>
      <line num="198" type="stmt" count="0"/>
      <line num="199" type="stmt" count="0"/>
      <line num="201" type="stmt" count="0"/>
      <line num="202" type="stmt" count="0"/>
      <line num="203" type="stmt" count="0"/>
      <line num="204" type="stmt" count="0"/>
      <line num="205" type="stmt" count="0"/>
      <line num="206" type="stmt" count="0"/>
      <line num="207" type="stmt" count="0"/>
      <line num="209" type="stmt" count="0"/>
      <line num="210" type="stmt" count="0"/>
      <line num="211" type="stmt" count="0"/>
      <line num="212" type="stmt" count="0"/>
      <line num="213" type="stmt" count="0"/>
      <line num="214" type="stmt" count="0"/>
      <line num="215" type="stmt" count="0"/>
      <line num="218" type="method" name="sanitize" visibility="public" complexity="5" crap="30" count="0"/>
      <line num="219" type="stmt" count="0"/>
      <line num="221" type="stmt" count="0"/>
      <line num="222" type="stmt" count="0"/>
      <line num="223" type="stmt" count="0"/>
      <line num="225" type="stmt" count="0"/>
      <line num="227" type="stmt" count="0"/>
      <line num="228" type="stmt" count="0"/>
      <line num="229" type="stmt" count="0"/>
      <line num="230" type="stmt" count="0"/>
      <line num="233" type="method" name="field_shared_key" visibility="public" complexity="1" crap="2" count="0"/>
      <line num="234" type="stmt" count="0"/>
      <line num="236" type="stmt" count="0"/>
      <line num="237" type="stmt" count="0"/>
      <line num="241" type="method" name="field_peer_url" visibility="public" complexity="2" crap="6" count="0"/>
      <line num="242" type="stmt" count="0"/>
      <line num="243" type="stmt" count="0"/>
      <line num="245" type="stmt" count="0"/>
      <line num="246" type="stmt" count="0"/>
      <line num="250" type="method" name="field_email_blackhole" visibility="public" complexity="1" crap="2" count="0"/>
      <line num="251" type="stmt" count="0"/>
      <line num="253" type="stmt" count="0"/>
      <line num="254" type="stmt" count="0"/>
      <line num="255" type="stmt" count="0"/>
      <line num="256" type="stmt" count="0"/>
      <line num="257" type="stmt" count="0"/>
      <line num="260" type="method" name="render_page" visibility="public" complexity="2" crap="6" count="0"/>
      <line num="261" type="stmt" count="0"/>
      <line num="262" type="stmt" count="0"/>
      <line num="265" type="stmt" count="0"/>
      <line num="266" type="stmt" count="0"/>
      <line num="268" type="stmt" count="0"/>
      <line num="270" type="stmt" count="0"/>
      <line num="271" type="stmt" count="0"/>
      <line num="272" type="stmt" count="0"/>
      <line num="273" type="stmt" count="0"/>
      <line num="274" type="stmt" count="0"/>
      <line num="276" type="stmt" count="0"/>
      <line num="277" type="stmt" count="0"/>
      <line num="285" type="method" name="render_emergency_section" visibility="private" complexity="7" crap="56" count="0"/>
      <line num="286" type="stmt" count="0"/>
      <line num="288" type="stmt" count="0"/>
      <line num="289" type="stmt" count="0"/>
      <line num="293" type="stmt" count="0"/>
      <line num="294" type="stmt" count="0"/>
      <line num="295" type="stmt" count="0"/>
      <line num="296" type="stmt" count="0"/>
      <line num="297" type="stmt" count="0"/>
      <line num="298" type="stmt" count="0"/>
      <line num="299" type="stmt" count="0"/>
      <line num="301" type="stmt" count="0"/>
      <line num="302" type="stmt" count="0"/>
      <line num="303" type="stmt" count="0"/>
      <line num="304" type="stmt" count="0"/>
      <line num="305" type="stmt" count="0"/>
      <line num="306" type="stmt" count="0"/>
      <line num="307" type="stmt" count="0"/>
      <line num="308" type="stmt" count="0"/>
      <line num="309" type="stmt" count="0"/>
      <line num="310" type="stmt" count="0"/>
      <line num="312" type="stmt" count="0"/>
      <line num="313" type="stmt" count="0"/>
      <line num="315" type="stmt" count="0"/>
      <line num="318" type="stmt" count="0"/>
      <line num="319" type="stmt" count="0"/>
      <line num="320" type="stmt" count="0"/>
      <line num="322" type="stmt" count="0"/>
      <line num="323" type="stmt" count="0"/>
      <line num="324" type="stmt" count="0"/>
      <line num="325" type="stmt" count="0"/>
      <line num="326" type="stmt" count="0"/>
      <line num="327" type="stmt" count="0"/>
      <line num="328" type="stmt" count="0"/>
      <line num="330" type="stmt" count="0"/>
      <line num="331" type="stmt" count="0"/>
      <line num="332" type="stmt" count="0"/>
      <line num="334" type="stmt" count="0"/>
      <line num="335" type="stmt" count="0"/>
      <line num="337" type="stmt" count="0"/>
      <line num="338" type="stmt" count="0"/>
      <line num="339" type="stmt" count="0"/>
      <line num="341" type="stmt" count="0"/>
      <line num="342" type="stmt" count="0"/>
      <line num="343" type="stmt" count="0"/>
      <line num="344" type="stmt" count="0"/>
      <line num="347" type="stmt" count="0"/>
      <line num="348" type="stmt" count="0"/>
      <line num="349" type="stmt" count="0"/>
      <line num="351" type="stmt" count="0"/>
      <line num="352" type="stmt" count="0"/>
      <line num="353" type="stmt" count="0"/>
      <line num="355" type="stmt" count="0"/>
      <line num="356" type="stmt" count="0"/>
      <line num="357" type="stmt" count="0"/>
      <line num="358" type="stmt" count="0"/>
      <line num="360" type="stmt" count="0"/>
      <line num="361" type="stmt" count="0"/>
      <line num="362" type="stmt" count="0"/>
      <line num="363" type="stmt" count="0"/>
      <line num="365" type="stmt" count="0"/>
      <line num="367" type="stmt" count="0"/>
      <line num="368" type="stmt" count="0"/>
      <line num="369" type="stmt" count="0"/>
      <line num="370" type="stmt" count="0"/>
      <line num="371" type="stmt" count="0"/>
      <line num="372" type="stmt" count="0"/>
      <line num="373" type="stmt" count="0"/>
      <line num="379" type="method" name="get_active_jobs" visibility="private" complexity="3" crap="12" count="0"/>
      <line num="380" type="stmt" count="0"/>
      <line num="383" type="stmt" count="0"/>
      <line num="384" type="stmt" count="0"/>
      <line num="385" type="stmt" count="0"/>
      <line num="387" type="stmt" count="0"/>
      <line num="388" type="stmt" count="0"/>
      <line num="389" type="stmt" count="0"/>
      <line num="390" type="stmt" count="0"/>
      <line num="391" type="stmt" count="0"/>
      <line num="392" type="stmt" count="0"/>
      <line num="394" type="stmt" count="0"/>
      <line num="395" type="stmt" count="0"/>
      <line num="396" type="stmt" count="0"/>
      <line num="397" type="stmt" count="0"/>
      <line num="400" type="stmt" count="0"/>
      <line num="401" type="stmt" count="0"/>
      <line num="405" type="stmt" count="0"/>
      <line num="411" type="method" name="get_state_style" visibility="private" complexity="1" crap="2" count="0"/>
      <line num="412" type="stmt" count="0"/>
      <line num="413" type="stmt" count="0"/>
      <line num="414" type="stmt" count="0"/>
      <line num="415" type="stmt" count="0"/>
      <line num="416" type="stmt" count="0"/>
      <line num="417" type="stmt" count="0"/>
      <line num="418" type="stmt" count="0"/>
      <line num="419" type="stmt" count="0"/>
      <line num="420" type="stmt" count="0"/>
      <line num="421" type="stmt" count="0"/>
      <line num="422" type="stmt" count="0"/>
      <line num="423" type="stmt" count="0"/>
      <line num="424" type="stmt" count="0"/>
      <line num="425" type="stmt" count="0"/>
      <line num="426" type="stmt" count="0"/>
      <line num="428" type="stmt" count="0"/>
      <line num="434" type="method" name="get_progress_color" visibility="private" complexity="4" crap="20" count="0"/>
      <line num="435" type="stmt" count="0"/>
      <line num="436" type="stmt" count="0"/>
      <line num="437" type="stmt" count="0"/>
      <line num="438" type="stmt" count="0"/>
      <line num="444" type="method" name="format_timestamp" visibility="private" complexity="3" crap="12" count="0"/>
      <line num="445" type="stmt" count="0"/>
      <line num="446" type="stmt" count="0"/>
      <line num="449" type="stmt" count="0"/>
      <line num="450" type="stmt" count="0"/>
      <line num="451" type="stmt" count="0"/>
      <line num="454" type="stmt" count="0"/>
      <line num="460" type="method" name="enqueue_monitoring_scripts" visibility="public" complexity="2" crap="6" count="0"/>
      <line num="461" type="stmt" count="0"/>
      <line num="462" type="stmt" count="0"/>
      <line num="465" type="stmt" count="0"/>
      <line num="466" type="stmt" count="0"/>
      <line num="467" type="stmt" count="0"/>
      <line num="468" type="stmt" count="0"/>
      <line num="469" type="stmt" count="0"/>
      <line num="470" type="stmt" count="0"/>
      <line num="471" type="stmt" count="0"/>
      <line num="473" type="stmt" count="0"/>
      <line num="474" type="stmt" count="0"/>
      <line num="475" type="stmt" count="0"/>
      <line num="476" type="stmt" count="0"/>
      <line num="477" type="stmt" count="0"/>
      <line num="478" type="stmt" count="0"/>
      <line num="480" type="stmt" count="0"/>
      <line num="481" type="stmt" count="0"/>
      <line num="482" type="stmt" count="0"/>
      <line num="483" type="stmt" count="0"/>
      <line num="484" type="stmt" count="0"/>
      <line num="485" type="stmt" count="0"/>
      <line num="486" type="stmt" count="0"/>
      <line num="487" type="stmt" count="0"/>
      <line num="488" type="stmt" count="0"/>
      <line num="489" type="stmt" count="0"/>
      <line num="490" type="stmt" count="0"/>
      <line num="491" type="stmt" count="0"/>
      <line num="492" type="stmt" count="0"/>
      <line num="493" type="stmt" count="0"/>
      <line num="494" type="stmt" count="0"/>
      <line num="495" type="stmt" count="0"/>
      <line num="496" type="stmt" count="0"/>
      <line num="502" type="method" name="render_monitor_page" visibility="public" complexity="4" crap="20" count="0"/>
      <line num="503" type="stmt" count="0"/>
      <line num="504" type="stmt" count="0"/>
      <line num="507" type="stmt" count="0"/>
      <line num="510" type="stmt" count="0"/>
      <line num="511" type="stmt" count="0"/>
      <line num="516" type="stmt" count="0"/>
      <line num="518" type="stmt" count="0"/>
      <line num="519" type="stmt" count="0"/>
      <line num="520" type="stmt" count="0"/>
      <line num="521" type="stmt" count="0"/>
      <line num="522" type="stmt" count="0"/>
      <line num="523" type="stmt" count="0"/>
      <line num="530" type="stmt" count="0"/>
      <line num="532" type="stmt" count="0"/>
      <line num="533" type="stmt" count="0"/>
      <line num="534" type="stmt" count="0"/>
      <line num="535" type="stmt" count="0"/>
      <line num="536" type="stmt" count="0"/>
      <line num="537" type="stmt" count="0"/>
      <line num="538" type="stmt" count="0"/>
      <line num="539" type="stmt" count="0"/>
      <line num="540" type="stmt" count="0"/>
      <line num="541" type="stmt" count="0"/>
      <line num="542" type="stmt" count="0"/>
      <line num="543" type="stmt" count="0"/>
      <line num="544" type="stmt" count="0"/>
      <line num="545" type="stmt" count="0"/>
      <line num="546" type="stmt" count="0"/>
      <line num="547" type="stmt" count="0"/>
      <line num="548" type="stmt" count="0"/>
      <line num="549" type="stmt" count="0"/>
      <line num="550" type="stmt" count="0"/>
      <line num="551" type="stmt" count="0"/>
      <line num="552" type="stmt" count="0"/>
      <line num="553" type="stmt" count="0"/>
      <line num="554" type="stmt" count="0"/>
      <line num="555" type="stmt" count="0"/>
      <line num="556" type="stmt" count="0"/>
      <line num="557" type="stmt" count="0"/>
      <line num="558" type="stmt" count="0"/>
      <line num="561" type="stmt" count="0"/>
      <line num="562" type="stmt" count="0"/>
      <line num="570" type="stmt" count="0"/>
      <line num="571" type="stmt" count="0"/>
      <line num="576" type="stmt" count="0"/>
      <line num="577" type="stmt" count="0"/>
      <line num="578" type="stmt" count="0"/>
      <line num="579" type="stmt" count="0"/>
      <line num="581" type="stmt" count="0"/>
      <line num="582" type="stmt" count="0"/>
      <line num="583" type="stmt" count="0"/>
      <line num="584" type="stmt" count="0"/>
      <line num="585" type="stmt" count="0"/>
      <line num="586" type="stmt" count="0"/>
      <line num="587" type="stmt" count="0"/>
      <line num="588" type="stmt" count="0"/>
      <line num="589" type="stmt" count="0"/>
      <line num="591" type="stmt" count="0"/>
      <line num="592" type="stmt" count="0"/>
      <line num="593" type="stmt" count="0"/>
      <line num="595" type="stmt" count="0"/>
      <line num="596" type="stmt" count="0"/>
      <line num="597" type="stmt" count="0"/>
      <line num="599" type="stmt" count="0"/>
      <line num="600" type="stmt" count="0"/>
      <line num="601" type="stmt" count="0"/>
      <line num="602" type="stmt" count="0"/>
      <line num="605" type="stmt" count="0"/>
      <line num="616" type="stmt" count="0"/>
      <line num="619" type="stmt" count="0"/>
      <line num="620" type="stmt" count="0"/>
      <line num="621" type="stmt" count="0"/>
      <line num="622" type="stmt" count="0"/>
      <line num="623" type="stmt" count="0"/>
      <line num="625" type="stmt" count="0"/>
      <line num="626" type="stmt" count="0"/>
      <line num="627" type="stmt" count="0"/>
      <line num="629" type="stmt" count="0"/>
      <line num="630" type="stmt" count="0"/>
      <line num="631" type="stmt" count="0"/>
      <line num="632" type="stmt" count="0"/>
      <line num="637" type="stmt" count="0"/>
      <line num="639" type="stmt" count="0"/>
      <line num="640" type="stmt" count="0"/>
      <line num="641" type="stmt" count="0"/>
      <line num="642" type="stmt" count="0"/>
      <line num="643" type="stmt" count="0"/>
      <line num="644" type="stmt" count="0"/>
      <line num="645" type="stmt" count="0"/>
      <line num="646" type="stmt" count="0"/>
      <line num="647" type="stmt" count="0"/>
      <line num="648" type="stmt" count="0"/>
      <line num="649" type="stmt" count="0"/>
      <line num="650" type="stmt" count="0"/>
      <line num="651" type="stmt" count="0"/>
      <line num="652" type="stmt" count="0"/>
      <line num="653" type="stmt" count="0"/>
      <line num="654" type="stmt" count="0"/>
      <line num="655" type="stmt" count="0"/>
      <line num="661" type="method" name="get_settings" visibility="public" complexity="1" crap="2" count="0"/>
      <line num="662" type="stmt" count="0"/>
      <metrics loc="665" ncloc="614" classes="1" methods="22" coveredmethods="0" conditionals="0" coveredconditionals="0" statements="404" coveredstatements="0" elements="426" coveredelements="0"/>
    </file>
    <file name="/Users/vidarbrekke/Dev/CursorApps/wp-migrate/wp-migrate/src/Contracts/Registrable.php">
      <line num="4" type="stmt" count="1"/>
      <metrics loc="9" ncloc="9" classes="0" methods="0" coveredmethods="0" conditionals="0" coveredconditionals="0" statements="1" coveredstatements="1" elements="1" coveredelements="1"/>
    </file>
    <file name="/Users/vidarbrekke/Dev/CursorApps/wp-migrate/wp-migrate/src/Files/ChunkStore.php">
      <class name="WpMigrate\Files\ChunkStore" namespace="global">
        <metrics complexity="19" methods="6" coveredmethods="2" conditionals="0" coveredconditionals="0" statements="46" coveredstatements="42" elements="52" coveredelements="44"/>
      </class>
      <line num="4" type="stmt" count="1"/>
      <line num="10" type="method" name="__construct" visibility="public" complexity="2" crap="2.06" count="44"/>
      <line num="11" type="stmt" count="44"/>
      <line num="12" type="stmt" count="44"/>
      <line num="13" type="stmt" count="44"/>
      <line num="14" type="stmt" count="0"/>
      <line num="18" type="method" name="get_job_dir" visibility="public" complexity="2" crap="2" count="34"/>
      <line num="19" type="stmt" count="34"/>
      <line num="20" type="stmt" count="34"/>
      <line num="21" type="stmt" count="34"/>
      <line num="23" type="stmt" count="34"/>
      <line num="26" type="method" name="get_chunk_dir" visibility="public" complexity="2" crap="2" count="32"/>
      <line num="27" type="stmt" count="32"/>
      <line num="28" type="stmt" count="32"/>
      <line num="29" type="stmt" count="32"/>
      <line num="31" type="stmt" count="32"/>
      <line num="34" type="method" name="chunk_path" visibility="public" complexity="2" crap="2.03" count="26"/>
      <line num="35" type="stmt" count="26"/>
      <line num="37" type="stmt" count="26"/>
      <line num="38" type="stmt" count="0"/>
      <line num="40" type="stmt" count="26"/>
      <line num="41" type="stmt" count="26"/>
      <line num="45" type="method" name="list_present" visibility="public" complexity="5" crap="5.01" count="12"/>
      <line num="46" type="stmt" count="12"/>
      <line num="47" type="stmt" count="12"/>
      <line num="49" type="stmt" count="12"/>
      <line num="50" type="stmt" count="0"/>
      <line num="52" type="stmt" count="12"/>
      <line num="53" type="stmt" count="12"/>
      <line num="54" type="stmt" count="12"/>
      <line num="55" type="stmt" count="12"/>
      <line num="56" type="stmt" count="12"/>
      <line num="57" type="stmt" count="12"/>
      <line num="58" type="stmt" count="10"/>
      <line num="59" type="stmt" count="10"/>
      <line num="62" type="stmt" count="12"/>
      <line num="64" type="stmt" count="12"/>
      <line num="65" type="stmt" count="12"/>
      <line num="68" type="method" name="save_chunk" visibility="public" complexity="6" crap="6.01" count="32"/>
      <line num="70" type="stmt" count="32"/>
      <line num="71" type="stmt" count="2"/>
      <line num="75" type="stmt" count="30"/>
      <line num="76" type="stmt" count="2"/>
      <line num="80" type="stmt" count="28"/>
      <line num="81" type="stmt" count="28"/>
      <line num="82" type="stmt" count="0"/>
      <line num="86" type="stmt" count="28"/>
      <line num="87" type="stmt" count="4"/>
      <line num="91" type="stmt" count="24"/>
      <line num="92" type="stmt" count="24"/>
      <line num="93" type="stmt" count="2"/>
      <line num="96" type="stmt" count="22"/>
      <line num="97" type="stmt" count="22"/>
      <metrics loc="102" ncloc="93" classes="1" methods="6" coveredmethods="2" conditionals="0" coveredconditionals="0" statements="47" coveredstatements="43" elements="53" coveredelements="45"/>
    </file>
    <file name="/Users/vidarbrekke/Dev/CursorApps/wp-migrate/wp-migrate/src/Logging/JsonLogger.php">
      <class name="WpMigrate\Logging\JsonLogger" namespace="global">
        <metrics complexity="10" methods="5" coveredmethods="3" conditionals="0" coveredconditionals="0" statements="23" coveredstatements="20" elements="28" coveredelements="23"/>
      </class>
      <line num="4" type="stmt" count="1"/>
      <line num="10" type="method" name="__construct" visibility="public" complexity="2" crap="2.02" count="25"/>
      <line num="11" type="stmt" count="25"/>
      <line num="12" type="stmt" count="25"/>
      <line num="13" type="stmt" count="25"/>
      <line num="14" type="stmt" count="25"/>
      <line num="15" type="stmt" count="0"/>
      <line num="17" type="stmt" count="25"/>
      <line num="21" type="method" name="log" visibility="public" complexity="1" crap="1" count="22"/>
      <line num="22" type="stmt" count="22"/>
      <line num="23" type="stmt" count="22"/>
      <line num="24" type="stmt" count="22"/>
      <line num="25" type="stmt" count="22"/>
      <line num="26" type="stmt" count="22"/>
      <line num="27" type="stmt" count="22"/>
      <line num="28" type="stmt" count="22"/>
      <line num="29" type="stmt" count="22"/>
      <line num="32" type="method" name="tail" visibility="public" complexity="3" crap="5.67" count="3"/>
      <line num="33" type="stmt" count="3"/>
      <line num="34" type="stmt" count="0"/>
      <line num="35" type="stmt" count="0"/>
      <line num="38" type="method" name="redact" visibility="private" complexity="1" crap="1" count="22"/>
      <line num="40" type="stmt" count="22"/>
      <line num="41" type="stmt" count="22"/>
      <line num="45" type="method" name="redact_array" visibility="private" complexity="3" crap="3" count="22"/>
      <line num="46" type="stmt" count="22"/>
      <line num="47" type="stmt" count="22"/>
      <line num="48" type="stmt" count="20"/>
      <line num="51" type="stmt" count="22"/>
      <metrics loc="56" ncloc="53" classes="1" methods="5" coveredmethods="3" conditionals="0" coveredconditionals="0" statements="24" coveredstatements="21" elements="29" coveredelements="24"/>
    </file>
    <file name="/Users/vidarbrekke/Dev/CursorApps/wp-migrate/wp-migrate/src/Migration/DatabaseEngine.php">
      <class name="WpMigrate\Migration\DatabaseEngine" namespace="global">
        <metrics complexity="4" methods="4" coveredmethods="4" conditionals="0" coveredconditionals="0" statements="7" coveredstatements="7" elements="11" coveredelements="11"/>
      </class>
      <line num="4" type="stmt" count="1"/>
      <line num="15" type="method" name="__construct" visibility="public" complexity="1" crap="1" count="26"/>
      <line num="16" type="stmt" count="26"/>
      <line num="17" type="stmt" count="26"/>
      <line num="18" type="stmt" count="26"/>
      <line num="19" type="stmt" count="26"/>
      <line num="29" type="method" name="export_database" visibility="public" complexity="1" crap="1" count="16"/>
      <line num="30" type="stmt" count="16"/>
      <line num="40" type="method" name="import_database" visibility="public" complexity="1" crap="1" count="14"/>
      <line num="41" type="stmt" count="14"/>
      <line num="51" type="method" name="search_replace_urls" visibility="public" complexity="1" crap="1" count="12"/>
      <line num="52" type="stmt" count="12"/>
      <metrics loc="56" ncloc="35" classes="1" methods="4" coveredmethods="4" conditionals="0" coveredconditionals="0" statements="8" coveredstatements="8" elements="12" coveredelements="12"/>
    </file>
    <file name="/Users/vidarbrekke/Dev/CursorApps/wp-migrate/wp-migrate/src/Migration/DatabaseExporter.php">
      <class name="WpMigrate\Migration\DatabaseExporter" namespace="global">
        <metrics complexity="27" methods="12" coveredmethods="1" conditionals="0" coveredconditionals="0" statements="95" coveredstatements="1" elements="107" coveredelements="2"/>
      </class>
      <line num="4" type="stmt" count="1"/>
      <line num="12" type="method" name="__construct" visibility="public" complexity="1" crap="1" count="26"/>
      <line num="13" type="stmt" count="26"/>
      <line num="16" type="method" name="export" visibility="public" complexity="5" crap="30" count="0"/>
      <line num="17" type="stmt" count="0"/>
      <line num="20" type="stmt" count="0"/>
      <line num="21" type="stmt" count="0"/>
      <line num="22" type="stmt" count="0"/>
      <line num="23" type="stmt" count="0"/>
      <line num="28" type="stmt" count="0"/>
      <line num="29" type="stmt" count="0"/>
      <line num="30" type="stmt" count="0"/>
      <line num="31" type="stmt" count="0"/>
      <line num="35" type="stmt" count="0"/>
      <line num="36" type="stmt" count="0"/>
      <line num="37" type="stmt" count="0"/>
      <line num="38" type="stmt" count="0"/>
      <line num="41" type="method" name="export_with_mysqldump" visibility="private" complexity="4" crap="20" count="0"/>
      <line num="43" type="stmt" count="0"/>
      <line num="44" type="stmt" count="0"/>
      <line num="47" type="stmt" count="0"/>
      <line num="50" type="stmt" count="0"/>
      <line num="51" type="stmt" count="0"/>
      <line num="52" type="stmt" count="0"/>
      <line num="56" type="stmt" count="0"/>
      <line num="58" type="stmt" count="0"/>
      <line num="59" type="stmt" count="0"/>
      <line num="60" type="stmt" count="0"/>
      <line num="61" type="stmt" count="0"/>
      <line num="63" type="stmt" count="0"/>
      <line num="65" type="stmt" count="0"/>
      <line num="66" type="stmt" count="0"/>
      <line num="67" type="stmt" count="0"/>
      <line num="68" type="stmt" count="0"/>
      <line num="69" type="stmt" count="0"/>
      <line num="71" type="stmt" count="0"/>
      <line num="75" type="method" name="export_with_wp_cli" visibility="private" complexity="5" crap="30" count="0"/>
      <line num="77" type="stmt" count="0"/>
      <line num="78" type="stmt" count="0"/>
      <line num="81" type="stmt" count="0"/>
      <line num="83" type="stmt" count="0"/>
      <line num="85" type="stmt" count="0"/>
      <line num="86" type="stmt" count="0"/>
      <line num="89" type="stmt" count="0"/>
      <line num="90" type="stmt" count="0"/>
      <line num="93" type="stmt" count="0"/>
      <line num="94" type="stmt" count="0"/>
      <line num="95" type="stmt" count="0"/>
      <line num="99" type="stmt" count="0"/>
      <line num="102" type="stmt" count="0"/>
      <line num="104" type="stmt" count="0"/>
      <line num="105" type="stmt" count="0"/>
      <line num="106" type="stmt" count="0"/>
      <line num="108" type="stmt" count="0"/>
      <line num="110" type="stmt" count="0"/>
      <line num="111" type="stmt" count="0"/>
      <line num="112" type="stmt" count="0"/>
      <line num="113" type="stmt" count="0"/>
      <line num="114" type="stmt" count="0"/>
      <line num="116" type="stmt" count="0"/>
      <line num="120" type="method" name="build_secure_mysqldump_command" visibility="private" complexity="3" crap="12" count="0"/>
      <line num="122" type="stmt" count="0"/>
      <line num="123" type="stmt" count="0"/>
      <line num="124" type="stmt" count="0"/>
      <line num="125" type="stmt" count="0"/>
      <line num="126" type="stmt" count="0"/>
      <line num="127" type="stmt" count="0"/>
      <line num="128" type="stmt" count="0"/>
      <line num="129" type="stmt" count="0"/>
      <line num="132" type="stmt" count="0"/>
      <line num="133" type="stmt" count="0"/>
      <line num="134" type="stmt" count="0"/>
      <line num="135" type="stmt" count="0"/>
      <line num="138" type="stmt" count="0"/>
      <line num="141" type="method" name="execute_command" visibility="private" complexity="1" crap="2" count="0"/>
      <line num="142" type="stmt" count="0"/>
      <line num="143" type="stmt" count="0"/>
      <line num="146" type="method" name="chunk_and_store" visibility="private" complexity="2" crap="6" count="0"/>
      <line num="147" type="stmt" count="0"/>
      <line num="148" type="stmt" count="0"/>
      <line num="150" type="stmt" count="0"/>
      <line num="151" type="stmt" count="0"/>
      <line num="152" type="stmt" count="0"/>
      <line num="155" type="stmt" count="0"/>
      <line num="156" type="stmt" count="0"/>
      <line num="157" type="stmt" count="0"/>
      <line num="158" type="stmt" count="0"/>
      <line num="159" type="stmt" count="0"/>
      <line num="160" type="stmt" count="0"/>
      <line num="163" type="method" name="get_db_config" visibility="private" complexity="1" crap="2" count="0"/>
      <line num="164" type="stmt" count="0"/>
      <line num="165" type="stmt" count="0"/>
      <line num="166" type="stmt" count="0"/>
      <line num="167" type="stmt" count="0"/>
      <line num="168" type="stmt" count="0"/>
      <line num="169" type="stmt" count="0"/>
      <line num="170" type="stmt" count="0"/>
      <line num="173" type="method" name="has_mysqldump" visibility="private" complexity="1" crap="2" count="0"/>
      <line num="174" type="stmt" count="0"/>
      <line num="175" type="stmt" count="0"/>
      <line num="178" type="method" name="has_wp_cli" visibility="private" complexity="2" crap="6" count="0"/>
      <line num="179" type="stmt" count="0"/>
      <line num="182" type="method" name="has_zstd" visibility="private" complexity="1" crap="2" count="0"/>
      <line num="183" type="stmt" count="0"/>
      <line num="184" type="stmt" count="0"/>
      <line num="187" type="method" name="has_gzip" visibility="private" complexity="1" crap="2" count="0"/>
      <line num="188" type="stmt" count="0"/>
      <line num="189" type="stmt" count="0"/>
      <metrics loc="192" ncloc="181" classes="1" methods="12" coveredmethods="1" conditionals="0" coveredconditionals="0" statements="96" coveredstatements="2" elements="108" coveredelements="3"/>
    </file>
    <file name="/Users/vidarbrekke/Dev/CursorApps/wp-migrate/wp-migrate/src/Migration/DatabaseImporter.php">
      <class name="WpMigrate\Migration\DatabaseImporter" namespace="global">
        <metrics complexity="19" methods="4" coveredmethods="1" conditionals="0" coveredconditionals="0" statements="70" coveredstatements="1" elements="74" coveredelements="2"/>
      </class>
      <line num="4" type="stmt" count="1"/>
      <line num="12" type="method" name="__construct" visibility="public" complexity="1" crap="1" count="26"/>
      <line num="13" type="stmt" count="26"/>
      <line num="16" type="method" name="import" visibility="public" complexity="3" crap="12" count="0"/>
      <line num="17" type="stmt" count="0"/>
      <line num="21" type="stmt" count="0"/>
      <line num="23" type="stmt" count="0"/>
      <line num="24" type="stmt" count="0"/>
      <line num="25" type="stmt" count="0"/>
      <line num="26" type="stmt" count="0"/>
      <line num="27" type="stmt" count="0"/>
      <line num="31" type="stmt" count="0"/>
      <line num="34" type="stmt" count="0"/>
      <line num="36" type="stmt" count="0"/>
      <line num="38" type="stmt" count="0"/>
      <line num="39" type="stmt" count="0"/>
      <line num="40" type="stmt" count="0"/>
      <line num="41" type="stmt" count="0"/>
      <line num="42" type="stmt" count="0"/>
      <line num="43" type="stmt" count="0"/>
      <line num="45" type="stmt" count="0"/>
      <line num="46" type="stmt" count="0"/>
      <line num="47" type="stmt" count="0"/>
      <line num="48" type="stmt" count="0"/>
      <line num="52" type="method" name="assemble_dump_file" visibility="private" complexity="5" crap="30" count="0"/>
      <line num="53" type="stmt" count="0"/>
      <line num="55" type="stmt" count="0"/>
      <line num="56" type="stmt" count="0"/>
      <line num="59" type="stmt" count="0"/>
      <line num="60" type="stmt" count="0"/>
      <line num="62" type="stmt" count="0"/>
      <line num="63" type="stmt" count="0"/>
      <line num="67" type="stmt" count="0"/>
      <line num="68" type="stmt" count="0"/>
      <line num="69" type="stmt" count="0"/>
      <line num="71" type="stmt" count="0"/>
      <line num="72" type="stmt" count="0"/>
      <line num="75" type="stmt" count="0"/>
      <line num="78" type="stmt" count="0"/>
      <line num="81" type="stmt" count="0"/>
      <line num="84" type="method" name="perform_import" visibility="private" complexity="10" crap="110" count="0"/>
      <line num="85" type="stmt" count="0"/>
      <line num="87" type="stmt" count="0"/>
      <line num="90" type="stmt" count="0"/>
      <line num="94" type="stmt" count="0"/>
      <line num="95" type="stmt" count="0"/>
      <line num="96" type="stmt" count="0"/>
      <line num="100" type="stmt" count="0"/>
      <line num="102" type="stmt" count="0"/>
      <line num="103" type="stmt" count="0"/>
      <line num="104" type="stmt" count="0"/>
      <line num="108" type="stmt" count="0"/>
      <line num="109" type="stmt" count="0"/>
      <line num="112" type="stmt" count="0"/>
      <line num="114" type="stmt" count="0"/>
      <line num="115" type="stmt" count="0"/>
      <line num="119" type="stmt" count="0"/>
      <line num="120" type="stmt" count="0"/>
      <line num="121" type="stmt" count="0"/>
      <line num="122" type="stmt" count="0"/>
      <line num="126" type="stmt" count="0"/>
      <line num="128" type="stmt" count="0"/>
      <line num="129" type="stmt" count="0"/>
      <line num="131" type="stmt" count="0"/>
      <line num="132" type="stmt" count="0"/>
      <line num="133" type="stmt" count="0"/>
      <line num="134" type="stmt" count="0"/>
      <line num="136" type="stmt" count="0"/>
      <line num="137" type="stmt" count="0"/>
      <line num="139" type="stmt" count="0"/>
      <line num="140" type="stmt" count="0"/>
      <line num="141" type="stmt" count="0"/>
      <line num="142" type="stmt" count="0"/>
      <line num="143" type="stmt" count="0"/>
      <line num="145" type="stmt" count="0"/>
      <metrics loc="149" ncloc="139" classes="1" methods="4" coveredmethods="1" conditionals="0" coveredconditionals="0" statements="71" coveredstatements="2" elements="75" coveredelements="3"/>
    </file>
    <file name="/Users/vidarbrekke/Dev/CursorApps/wp-migrate/wp-migrate/src/Migration/ErrorRecovery.php">
      <class name="WpMigrate\Migration\DefaultRetryConfig" namespace="global">
        <metrics complexity="5" methods="5" coveredmethods="5" conditionals="0" coveredconditionals="0" statements="5" coveredstatements="5" elements="10" coveredelements="10"/>
      </class>
      <class name="WpMigrate\Migration\ErrorRecovery" namespace="global">
        <metrics complexity="36" methods="7" coveredmethods="4" conditionals="0" coveredconditionals="0" statements="101" coveredstatements="75" elements="108" coveredelements="79"/>
      </class>
      <line num="4" type="stmt" count="1"/>
      <line num="17" type="method" name="getMaxRetries" visibility="public" complexity="1" crap="1" count="80"/>
      <line num="18" type="stmt" count="80"/>
      <line num="21" type="method" name="getBaseBackoffSeconds" visibility="public" complexity="1" crap="1" count="80"/>
      <line num="22" type="stmt" count="80"/>
      <line num="25" type="method" name="getMaxBackoffSeconds" visibility="public" complexity="1" crap="1" count="80"/>
      <line num="26" type="stmt" count="80"/>
      <line num="29" type="method" name="getLogTailLimit" visibility="public" complexity="1" crap="1" count="80"/>
      <line num="30" type="stmt" count="80"/>
      <line num="33" type="method" name="getRecentLogsLimit" visibility="public" complexity="1" crap="1" count="80"/>
      <line num="34" type="stmt" count="80"/>
      <line num="45" type="method" name="__construct" visibility="public" complexity="1" crap="1" count="80"/>
      <line num="46" type="stmt" count="80"/>
      <line num="47" type="stmt" count="80"/>
      <line num="48" type="stmt" count="80"/>
      <line num="49" type="stmt" count="80"/>
      <line num="50" type="stmt" count="80"/>
      <line num="51" type="stmt" count="80"/>
      <line num="71" type="method" name="is_recoverable_error" visibility="public" complexity="7" crap="7.07" count="14"/>
      <line num="72" type="stmt" count="14"/>
      <line num="74" type="stmt" count="14"/>
      <line num="75" type="stmt" count="14"/>
      <line num="76" type="stmt" count="10"/>
      <line num="81" type="stmt" count="6"/>
      <line num="82" type="stmt" count="1"/>
      <line num="85" type="stmt" count="5"/>
      <line num="86" type="stmt" count="0"/>
      <line num="89" type="stmt" count="5"/>
      <line num="101" type="method" name="execute_with_retry" visibility="public" complexity="8" crap="8" count="13"/>
      <line num="102" type="stmt" count="13"/>
      <line num="103" type="stmt" count="13"/>
      <line num="104" type="stmt" count="13"/>
      <line num="106" type="stmt" count="13"/>
      <line num="108" type="stmt" count="13"/>
      <line num="109" type="stmt" count="13"/>
      <line num="110" type="stmt" count="13"/>
      <line num="111" type="stmt" count="13"/>
      <line num="113" type="stmt" count="13"/>
      <line num="115" type="stmt" count="11"/>
      <line num="116" type="stmt" count="1"/>
      <line num="117" type="stmt" count="1"/>
      <line num="118" type="stmt" count="1"/>
      <line num="119" type="stmt" count="1"/>
      <line num="122" type="stmt" count="11"/>
      <line num="124" type="stmt" count="3"/>
      <line num="125" type="stmt" count="3"/>
      <line num="126" type="stmt" count="3"/>
      <line num="128" type="stmt" count="3"/>
      <line num="129" type="stmt" count="3"/>
      <line num="130" type="stmt" count="3"/>
      <line num="131" type="stmt" count="3"/>
      <line num="133" type="stmt" count="3"/>
      <line num="134" type="stmt" count="3"/>
      <line num="135" type="stmt" count="3"/>
      <line num="136" type="stmt" count="3"/>
      <line num="137" type="stmt" count="3"/>
      <line num="138" type="stmt" count="3"/>
      <line num="139" type="stmt" count="3"/>
      <line num="141" type="stmt" count="3"/>
      <line num="142" type="stmt" count="2"/>
      <line num="146" type="stmt" count="2"/>
      <line num="148" type="stmt" count="2"/>
      <line num="149" type="stmt" count="2"/>
      <line num="150" type="stmt" count="2"/>
      <line num="151" type="stmt" count="2"/>
      <line num="153" type="stmt" count="2"/>
      <line num="158" type="stmt" count="2"/>
      <line num="159" type="stmt" count="2"/>
      <line num="160" type="stmt" count="2"/>
      <line num="161" type="stmt" count="2"/>
      <line num="163" type="stmt" count="2"/>
      <line num="169" type="method" name="calculate_backoff_delay" visibility="protected" complexity="1" crap="1" count="5"/>
      <line num="170" type="stmt" count="5"/>
      <line num="173" type="stmt" count="5"/>
      <line num="175" type="stmt" count="5"/>
      <line num="177" type="stmt" count="5"/>
      <line num="183" type="method" name="get_retry_stats" visibility="public" complexity="13" crap="182" count="0"/>
      <line num="184" type="stmt" count="0"/>
      <line num="185" type="stmt" count="0"/>
      <line num="187" type="stmt" count="0"/>
      <line num="188" type="stmt" count="0"/>
      <line num="189" type="stmt" count="0"/>
      <line num="190" type="stmt" count="0"/>
      <line num="191" type="stmt" count="0"/>
      <line num="192" type="stmt" count="0"/>
      <line num="193" type="stmt" count="0"/>
      <line num="195" type="stmt" count="0"/>
      <line num="196" type="stmt" count="0"/>
      <line num="197" type="stmt" count="0"/>
      <line num="200" type="stmt" count="0"/>
      <line num="201" type="stmt" count="0"/>
      <line num="204" type="stmt" count="0"/>
      <line num="205" type="stmt" count="0"/>
      <line num="208" type="stmt" count="0"/>
      <line num="209" type="stmt" count="0"/>
      <line num="212" type="stmt" count="0"/>
      <line num="213" type="stmt" count="0"/>
      <line num="214" type="stmt" count="0"/>
      <line num="215" type="stmt" count="0"/>
      <line num="217" type="stmt" count="0"/>
      <line num="221" type="stmt" count="0"/>
      <line num="227" type="method" name="should_retry_job" visibility="public" complexity="5" crap="5.05" count="2"/>
      <line num="228" type="stmt" count="2"/>
      <line num="229" type="stmt" count="0"/>
      <line num="232" type="stmt" count="2"/>
      <line num="233" type="stmt" count="2"/>
      <line num="235" type="stmt" count="2"/>
      <line num="236" type="stmt" count="2"/>
      <line num="237" type="stmt" count="2"/>
      <line num="242" type="stmt" count="2"/>
      <line num="248" type="method" name="schedule_retry" visibility="public" complexity="1" crap="1" count="1"/>
      <line num="249" type="stmt" count="1"/>
      <line num="250" type="stmt" count="1"/>
      <line num="252" type="stmt" count="1"/>
      <line num="253" type="stmt" count="1"/>
      <line num="254" type="stmt" count="1"/>
      <line num="255" type="stmt" count="1"/>
      <line num="256" type="stmt" count="1"/>
      <line num="258" type="stmt" count="1"/>
      <metrics loc="261" ncloc="226" classes="2" methods="12" coveredmethods="9" conditionals="0" coveredconditionals="0" statements="107" coveredstatements="81" elements="119" coveredelements="90"/>
    </file>
    <file name="/Users/vidarbrekke/Dev/CursorApps/wp-migrate/wp-migrate/src/Migration/JobManager.php">
      <class name="WpMigrate\Migration\JobManager" namespace="global">
        <metrics complexity="19" methods="14" coveredmethods="10" conditionals="0" coveredconditionals="0" statements="112" coveredstatements="92" elements="126" coveredelements="102"/>
      </class>
      <line num="4" type="stmt" count="1"/>
      <line num="33" type="method" name="__construct" visibility="public" complexity="1" crap="1" count="63"/>
      <line num="34" type="stmt" count="63"/>
      <line num="35" type="stmt" count="63"/>
      <line num="39" type="method" name="get_or_create" visibility="public" complexity="2" crap="2" count="20"/>
      <line num="40" type="stmt" count="20"/>
      <line num="41" type="stmt" count="20"/>
      <line num="42" type="stmt" count="20"/>
      <line num="43" type="stmt" count="20"/>
      <line num="44" type="stmt" count="20"/>
      <line num="45" type="stmt" count="20"/>
      <line num="46" type="stmt" count="20"/>
      <line num="47" type="stmt" count="20"/>
      <line num="48" type="stmt" count="20"/>
      <line num="49" type="stmt" count="20"/>
      <line num="50" type="stmt" count="20"/>
      <line num="51" type="stmt" count="20"/>
      <line num="52" type="stmt" count="20"/>
      <line num="54" type="stmt" count="20"/>
      <line num="62" type="method" name="set_state" visibility="public" complexity="3" crap="3" count="17"/>
      <line num="63" type="stmt" count="17"/>
      <line num="64" type="stmt" count="17"/>
      <line num="67" type="stmt" count="17"/>
      <line num="68" type="stmt" count="1"/>
      <line num="69" type="stmt" count="1"/>
      <line num="70" type="stmt" count="1"/>
      <line num="74" type="stmt" count="17"/>
      <line num="75" type="stmt" count="17"/>
      <line num="78" type="stmt" count="17"/>
      <line num="79" type="stmt" count="17"/>
      <line num="80" type="stmt" count="17"/>
      <line num="81" type="stmt" count="17"/>
      <line num="82" type="stmt" count="17"/>
      <line num="83" type="stmt" count="17"/>
      <line num="86" type="stmt" count="17"/>
      <line num="89" type="stmt" count="17"/>
      <line num="90" type="stmt" count="15"/>
      <line num="93" type="stmt" count="17"/>
      <line num="96" type="stmt" count="17"/>
      <line num="97" type="stmt" count="17"/>
      <line num="98" type="stmt" count="17"/>
      <line num="99" type="stmt" count="17"/>
      <line num="100" type="stmt" count="17"/>
      <line num="101" type="stmt" count="17"/>
      <line num="103" type="stmt" count="17"/>
      <line num="109" type="method" name="record_error" visibility="public" complexity="2" crap="2" count="1"/>
      <line num="110" type="stmt" count="1"/>
      <line num="112" type="stmt" count="1"/>
      <line num="113" type="stmt" count="1"/>
      <line num="114" type="stmt" count="1"/>
      <line num="115" type="stmt" count="1"/>
      <line num="116" type="stmt" count="1"/>
      <line num="117" type="stmt" count="1"/>
      <line num="118" type="stmt" count="1"/>
      <line num="120" type="stmt" count="1"/>
      <line num="122" type="stmt" count="1"/>
      <line num="125" type="stmt" count="1"/>
      <line num="126" type="stmt" count="1"/>
      <line num="127" type="stmt" count="1"/>
      <line num="128" type="stmt" count="1"/>
      <line num="129" type="stmt" count="1"/>
      <line num="130" type="stmt" count="1"/>
      <line num="136" type="method" name="execute_with_retry" visibility="public" complexity="1" crap="1" count="9"/>
      <line num="137" type="stmt" count="9"/>
      <line num="143" type="method" name="should_retry_job" visibility="public" complexity="1" crap="2" count="0"/>
      <line num="144" type="stmt" count="0"/>
      <line num="145" type="stmt" count="0"/>
      <line num="151" type="method" name="schedule_automatic_retry" visibility="public" complexity="1" crap="2" count="0"/>
      <line num="152" type="stmt" count="0"/>
      <line num="153" type="stmt" count="0"/>
      <line num="159" type="method" name="get_retry_stats" visibility="public" complexity="1" crap="2" count="0"/>
      <line num="160" type="stmt" count="0"/>
      <line num="166" type="method" name="get_progress" visibility="public" complexity="1" crap="1" count="7"/>
      <line num="167" type="stmt" count="7"/>
      <line num="169" type="stmt" count="7"/>
      <line num="170" type="stmt" count="7"/>
      <line num="171" type="stmt" count="7"/>
      <line num="172" type="stmt" count="7"/>
      <line num="173" type="stmt" count="7"/>
      <line num="174" type="stmt" count="7"/>
      <line num="175" type="stmt" count="7"/>
      <line num="176" type="stmt" count="7"/>
      <line num="177" type="stmt" count="7"/>
      <line num="178" type="stmt" count="7"/>
      <line num="179" type="stmt" count="7"/>
      <line num="180" type="stmt" count="7"/>
      <line num="186" type="method" name="can_rollback_from_state" visibility="public" complexity="1" crap="1" count="8"/>
      <line num="187" type="stmt" count="8"/>
      <line num="188" type="stmt" count="8"/>
      <line num="194" type="method" name="is_valid_transition" visibility="private" complexity="1" crap="1" count="17"/>
      <line num="195" type="stmt" count="17"/>
      <line num="196" type="stmt" count="17"/>
      <line num="202" type="method" name="is_valid_state" visibility="private" complexity="1" crap="1" count="7"/>
      <line num="203" type="stmt" count="7"/>
      <line num="209" type="method" name="calculate_progress" visibility="private" complexity="1" crap="1" count="17"/>
      <line num="210" type="stmt" count="17"/>
      <line num="211" type="stmt" count="17"/>
      <line num="212" type="stmt" count="17"/>
      <line num="213" type="stmt" count="17"/>
      <line num="214" type="stmt" count="17"/>
      <line num="215" type="stmt" count="17"/>
      <line num="216" type="stmt" count="17"/>
      <line num="217" type="stmt" count="17"/>
      <line num="218" type="stmt" count="17"/>
      <line num="219" type="stmt" count="17"/>
      <line num="220" type="stmt" count="17"/>
      <line num="221" type="stmt" count="17"/>
      <line num="222" type="stmt" count="17"/>
      <line num="223" type="stmt" count="17"/>
      <line num="224" type="stmt" count="17"/>
      <line num="226" type="stmt" count="17"/>
      <line num="232" type="method" name="cleanup_old_jobs" visibility="public" complexity="2" crap="6" count="0"/>
      <line num="233" type="stmt" count="0"/>
      <line num="235" type="stmt" count="0"/>
      <line num="236" type="stmt" count="0"/>
      <line num="238" type="stmt" count="0"/>
      <line num="239" type="stmt" count="0"/>
      <line num="241" type="stmt" count="0"/>
      <line num="242" type="stmt" count="0"/>
      <line num="243" type="stmt" count="0"/>
      <line num="244" type="stmt" count="0"/>
      <line num="246" type="stmt" count="0"/>
      <line num="247" type="stmt" count="0"/>
      <line num="248" type="stmt" count="0"/>
      <line num="249" type="stmt" count="0"/>
      <line num="250" type="stmt" count="0"/>
      <line num="253" type="stmt" count="0"/>
      <metrics loc="258" ncloc="207" classes="1" methods="14" coveredmethods="10" conditionals="0" coveredconditionals="0" statements="113" coveredstatements="93" elements="127" coveredelements="103"/>
    </file>
    <file name="/Users/vidarbrekke/Dev/CursorApps/wp-migrate/wp-migrate/src/Migration/UrlReplacer.php">
      <class name="WpMigrate\Migration\UrlReplacer" namespace="global">
        <metrics complexity="26" methods="9" coveredmethods="0" conditionals="0" coveredconditionals="0" statements="99" coveredstatements="0" elements="108" coveredelements="0"/>
      </class>
      <line num="4" type="stmt" count="1"/>
      <line num="9" type="method" name="search_replace_urls" visibility="public" complexity="5" crap="30" count="0"/>
      <line num="10" type="stmt" count="0"/>
      <line num="13" type="stmt" count="0"/>
      <line num="14" type="stmt" count="0"/>
      <line num="15" type="stmt" count="0"/>
      <line num="16" type="stmt" count="0"/>
      <line num="18" type="stmt" count="0"/>
      <line num="19" type="stmt" count="0"/>
      <line num="20" type="stmt" count="0"/>
      <line num="21" type="stmt" count="0"/>
      <line num="22" type="stmt" count="0"/>
      <line num="26" type="stmt" count="0"/>
      <line num="28" type="stmt" count="0"/>
      <line num="30" type="stmt" count="0"/>
      <line num="31" type="stmt" count="0"/>
      <line num="32" type="stmt" count="0"/>
      <line num="34" type="stmt" count="0"/>
      <line num="35" type="stmt" count="0"/>
      <line num="36" type="stmt" count="0"/>
      <line num="37" type="stmt" count="0"/>
      <line num="40" type="stmt" count="0"/>
      <line num="41" type="stmt" count="0"/>
      <line num="42" type="stmt" count="0"/>
      <line num="43" type="stmt" count="0"/>
      <line num="45" type="stmt" count="0"/>
      <line num="46" type="stmt" count="0"/>
      <line num="47" type="stmt" count="0"/>
      <line num="48" type="stmt" count="0"/>
      <line num="50" type="stmt" count="0"/>
      <line num="51" type="stmt" count="0"/>
      <line num="52" type="stmt" count="0"/>
      <line num="53" type="stmt" count="0"/>
      <line num="57" type="method" name="process_table_urls" visibility="private" complexity="2" crap="6" count="0"/>
      <line num="58" type="stmt" count="0"/>
      <line num="61" type="stmt" count="0"/>
      <line num="63" type="stmt" count="0"/>
      <line num="64" type="stmt" count="0"/>
      <line num="67" type="stmt" count="0"/>
      <line num="70" type="method" name="get_wordpress_tables" visibility="private" complexity="1" crap="2" count="0"/>
      <line num="71" type="stmt" count="0"/>
      <line num="74" type="stmt" count="0"/>
      <line num="75" type="stmt" count="0"/>
      <line num="76" type="stmt" count="0"/>
      <line num="77" type="stmt" count="0"/>
      <line num="78" type="stmt" count="0"/>
      <line num="79" type="stmt" count="0"/>
      <line num="82" type="stmt" count="0"/>
      <line num="84" type="stmt" count="0"/>
      <line num="87" type="method" name="get_url_columns" visibility="private" complexity="5" crap="30" count="0"/>
      <line num="88" type="stmt" count="0"/>
      <line num="90" type="stmt" count="0"/>
      <line num="93" type="stmt" count="0"/>
      <line num="94" type="stmt" count="0"/>
      <line num="95" type="stmt" count="0"/>
      <line num="96" type="stmt" count="0"/>
      <line num="97" type="stmt" count="0"/>
      <line num="99" type="stmt" count="0"/>
      <line num="101" type="stmt" count="0"/>
      <line num="102" type="stmt" count="0"/>
      <line num="103" type="stmt" count="0"/>
      <line num="104" type="stmt" count="0"/>
      <line num="105" type="stmt" count="0"/>
      <line num="109" type="stmt" count="0"/>
      <line num="112" type="method" name="replace_column_urls" visibility="private" complexity="3" crap="12" count="0"/>
      <line num="113" type="stmt" count="0"/>
      <line num="115" type="stmt" count="0"/>
      <line num="118" type="stmt" count="0"/>
      <line num="119" type="stmt" count="0"/>
      <line num="120" type="stmt" count="0"/>
      <line num="121" type="stmt" count="0"/>
      <line num="123" type="stmt" count="0"/>
      <line num="124" type="stmt" count="0"/>
      <line num="125" type="stmt" count="0"/>
      <line num="127" type="stmt" count="0"/>
      <line num="128" type="stmt" count="0"/>
      <line num="129" type="stmt" count="0"/>
      <line num="130" type="stmt" count="0"/>
      <line num="131" type="stmt" count="0"/>
      <line num="132" type="stmt" count="0"/>
      <line num="133" type="stmt" count="0"/>
      <line num="137" type="stmt" count="0"/>
      <line num="140" type="method" name="replace_urls_in_content" visibility="private" complexity="5" crap="30" count="0"/>
      <line num="143" type="stmt" count="0"/>
      <line num="145" type="stmt" count="0"/>
      <line num="147" type="stmt" count="0"/>
      <line num="149" type="stmt" count="0"/>
      <line num="150" type="stmt" count="0"/>
      <line num="152" type="stmt" count="0"/>
      <line num="155" type="stmt" count="0"/>
      <line num="156" type="stmt" count="0"/>
      <line num="160" type="method" name="replace_serialized_urls" visibility="private" complexity="2" crap="6" count="0"/>
      <line num="162" type="stmt" count="0"/>
      <line num="163" type="stmt" count="0"/>
      <line num="164" type="stmt" count="0"/>
      <line num="165" type="stmt" count="0"/>
      <line num="167" type="stmt" count="0"/>
      <line num="168" type="stmt" count="0"/>
      <line num="169" type="stmt" count="0"/>
      <line num="170" type="stmt" count="0"/>
      <line num="173" type="stmt" count="0"/>
      <line num="176" type="method" name="replace_unserialized_urls" visibility="private" complexity="1" crap="2" count="0"/>
      <line num="177" type="stmt" count="0"/>
      <line num="180" type="method" name="make_relative_url" visibility="private" complexity="2" crap="6" count="0"/>
      <line num="181" type="stmt" count="0"/>
      <line num="182" type="stmt" count="0"/>
      <line num="183" type="stmt" count="0"/>
      <line num="186" type="stmt" count="0"/>
      <line num="187" type="stmt" count="0"/>
      <metrics loc="190" ncloc="179" classes="1" methods="9" coveredmethods="0" conditionals="0" coveredconditionals="0" statements="100" coveredstatements="1" elements="109" coveredelements="1"/>
    </file>
    <file name="/Users/vidarbrekke/Dev/CursorApps/wp-migrate/wp-migrate/src/Preflight/Checker.php">
      <class name="WpMigrate\Preflight\Checker" namespace="global">
        <metrics complexity="8" methods="2" coveredmethods="1" conditionals="0" coveredconditionals="0" statements="16" coveredstatements="14" elements="18" coveredelements="15"/>
      </class>
      <line num="4" type="stmt" count="1"/>
      <line num="8" type="method" name="run" visibility="public" complexity="6" crap="6.13" count="12"/>
      <line num="9" type="stmt" count="12"/>
      <line num="10" type="stmt" count="12"/>
      <line num="11" type="stmt" count="12"/>
      <line num="12" type="stmt" count="12"/>
      <line num="13" type="stmt" count="12"/>
      <line num="14" type="stmt" count="12"/>
      <line num="17" type="stmt" count="12"/>
      <line num="18" type="stmt" count="0"/>
      <line num="20" type="stmt" count="12"/>
      <line num="21" type="stmt" count="12"/>
      <line num="22" type="stmt" count="0"/>
      <line num="25" type="stmt" count="12"/>
      <line num="26" type="stmt" count="12"/>
      <line num="29" type="method" name="binary_exists" visibility="private" complexity="2" crap="2" count="12"/>
      <line num="30" type="stmt" count="12"/>
      <line num="31" type="stmt" count="12"/>
      <line num="32" type="stmt" count="12"/>
      <metrics loc="37" ncloc="34" classes="1" methods="2" coveredmethods="1" conditionals="0" coveredconditionals="0" statements="17" coveredstatements="15" elements="19" coveredelements="16"/>
    </file>
    <file name="/Users/vidarbrekke/Dev/CursorApps/wp-migrate/wp-migrate/src/Rest/Api.php">
      <class name="WpMigrate\Rest\Api" namespace="global">
        <metrics complexity="68" methods="27" coveredmethods="11" conditionals="0" coveredconditionals="0" statements="350" coveredstatements="159" elements="377" coveredelements="170"/>
      </class>
      <line num="4" type="stmt" count="1"/>
      <line num="24" type="method" name="__construct" visibility="public" complexity="1" crap="1" count="57"/>
      <line num="25" type="stmt" count="57"/>
      <line num="26" type="stmt" count="57"/>
      <line num="27" type="stmt" count="57"/>
      <line num="28" type="stmt" count="57"/>
      <line num="34" type="method" name="get_job_manager" visibility="public" complexity="1" crap="1" count="3"/>
      <line num="35" type="stmt" count="3"/>
      <line num="38" type="method" name="register" visibility="public" complexity="1" crap="2" count="0"/>
      <line num="39" type="stmt" count="0"/>
      <line num="42" type="method" name="register_routes" visibility="public" complexity="1" crap="2" count="0"/>
      <line num="43" type="stmt" count="0"/>
      <line num="44" type="stmt" count="0"/>
      <line num="45" type="stmt" count="0"/>
      <line num="46" type="stmt" count="0"/>
      <line num="47" type="stmt" count="0"/>
      <line num="49" type="stmt" count="0"/>
      <line num="50" type="stmt" count="0"/>
      <line num="51" type="stmt" count="0"/>
      <line num="52" type="stmt" count="0"/>
      <line num="53" type="stmt" count="0"/>
      <line num="55" type="stmt" count="0"/>
      <line num="56" type="stmt" count="0"/>
      <line num="57" type="stmt" count="0"/>
      <line num="58" type="stmt" count="0"/>
      <line num="59" type="stmt" count="0"/>
      <line num="60" type="stmt" count="0"/>
      <line num="61" type="stmt" count="0"/>
      <line num="62" type="stmt" count="0"/>
      <line num="63" type="stmt" count="0"/>
      <line num="64" type="stmt" count="0"/>
      <line num="65" type="stmt" count="0"/>
      <line num="67" type="stmt" count="0"/>
      <line num="68" type="stmt" count="0"/>
      <line num="69" type="stmt" count="0"/>
      <line num="70" type="stmt" count="0"/>
      <line num="71" type="stmt" count="0"/>
      <line num="72" type="stmt" count="0"/>
      <line num="73" type="stmt" count="0"/>
      <line num="74" type="stmt" count="0"/>
      <line num="76" type="stmt" count="0"/>
      <line num="77" type="stmt" count="0"/>
      <line num="78" type="stmt" count="0"/>
      <line num="79" type="stmt" count="0"/>
      <line num="80" type="stmt" count="0"/>
      <line num="81" type="stmt" count="0"/>
      <line num="82" type="stmt" count="0"/>
      <line num="83" type="stmt" count="0"/>
      <line num="84" type="stmt" count="0"/>
      <line num="86" type="stmt" count="0"/>
      <line num="87" type="stmt" count="0"/>
      <line num="88" type="stmt" count="0"/>
      <line num="89" type="stmt" count="0"/>
      <line num="90" type="stmt" count="0"/>
      <line num="91" type="stmt" count="0"/>
      <line num="92" type="stmt" count="0"/>
      <line num="93" type="stmt" count="0"/>
      <line num="94" type="stmt" count="0"/>
      <line num="96" type="stmt" count="0"/>
      <line num="97" type="stmt" count="0"/>
      <line num="98" type="stmt" count="0"/>
      <line num="99" type="stmt" count="0"/>
      <line num="100" type="stmt" count="0"/>
      <line num="101" type="stmt" count="0"/>
      <line num="102" type="stmt" count="0"/>
      <line num="103" type="stmt" count="0"/>
      <line num="104" type="stmt" count="0"/>
      <line num="106" type="stmt" count="0"/>
      <line num="107" type="stmt" count="0"/>
      <line num="108" type="stmt" count="0"/>
      <line num="109" type="stmt" count="0"/>
      <line num="110" type="stmt" count="0"/>
      <line num="113" type="method" name="handshake" visibility="public" complexity="3" crap="3.09" count="21"/>
      <line num="114" type="stmt" count="21"/>
      <line num="115" type="stmt" count="12"/>
      <line num="116" type="stmt" count="12"/>
      <line num="118" type="stmt" count="12"/>
      <line num="119" type="stmt" count="0"/>
      <line num="120" type="stmt" count="0"/>
      <line num="121" type="stmt" count="0"/>
      <line num="122" type="stmt" count="0"/>
      <line num="123" type="stmt" count="0"/>
      <line num="126" type="stmt" count="12"/>
      <line num="127" type="stmt" count="12"/>
      <line num="128" type="stmt" count="12"/>
      <line num="129" type="stmt" count="12"/>
      <line num="130" type="stmt" count="12"/>
      <line num="131" type="stmt" count="12"/>
      <line num="132" type="stmt" count="12"/>
      <line num="133" type="stmt" count="12"/>
      <line num="134" type="stmt" count="12"/>
      <line num="135" type="stmt" count="12"/>
      <line num="136" type="stmt" count="12"/>
      <line num="137" type="stmt" count="12"/>
      <line num="138" type="stmt" count="12"/>
      <line num="139" type="stmt" count="21"/>
      <line num="142" type="method" name="command" visibility="public" complexity="6" crap="6.35" count="15"/>
      <line num="143" type="stmt" count="15"/>
      <line num="144" type="stmt" count="15"/>
      <line num="145" type="stmt" count="15"/>
      <line num="148" type="stmt" count="15"/>
      <line num="150" type="stmt" count="15"/>
      <line num="151" type="stmt" count="9"/>
      <line num="155" type="stmt" count="6"/>
      <line num="156" type="stmt" count="0"/>
      <line num="157" type="stmt" count="6"/>
      <line num="158" type="stmt" count="0"/>
      <line num="159" type="stmt" count="6"/>
      <line num="160" type="stmt" count="0"/>
      <line num="162" type="stmt" count="6"/>
      <line num="164" type="stmt" count="15"/>
      <line num="167" type="method" name="chunk" visibility="public" complexity="6" crap="6.14" count="6"/>
      <line num="168" type="stmt" count="6"/>
      <line num="169" type="stmt" count="6"/>
      <line num="170" type="stmt" count="6"/>
      <line num="171" type="stmt" count="6"/>
      <line num="172" type="stmt" count="0"/>
      <line num="174" type="stmt" count="6"/>
      <line num="175" type="stmt" count="3"/>
      <line num="176" type="stmt" count="3"/>
      <line num="177" type="stmt" count="3"/>
      <line num="178" type="stmt" count="3"/>
      <line num="180" type="stmt" count="3"/>
      <line num="182" type="stmt" count="3"/>
      <line num="183" type="stmt" count="3"/>
      <line num="184" type="stmt" count="3"/>
      <line num="186" type="stmt" count="3"/>
      <line num="187" type="stmt" count="0"/>
      <line num="188" type="stmt" count="0"/>
      <line num="190" type="stmt" count="3"/>
      <line num="191" type="stmt" count="6"/>
      <line num="194" type="method" name="progress" visibility="public" complexity="1" crap="1" count="3"/>
      <line num="195" type="stmt" count="3"/>
      <line num="196" type="stmt" count="3"/>
      <line num="197" type="stmt" count="3"/>
      <line num="198" type="stmt" count="3"/>
      <line num="199" type="stmt" count="3"/>
      <line num="202" type="method" name="logs_tail" visibility="public" complexity="1" crap="1" count="3"/>
      <line num="203" type="stmt" count="3"/>
      <line num="204" type="stmt" count="3"/>
      <line num="205" type="stmt" count="3"/>
      <line num="206" type="stmt" count="3"/>
      <line num="207" type="stmt" count="3"/>
      <line num="208" type="stmt" count="3"/>
      <line num="211" type="method" name="db_export" visibility="public" complexity="3" crap="3" count="9"/>
      <line num="212" type="stmt" count="9"/>
      <line num="213" type="stmt" count="9"/>
      <line num="214" type="stmt" count="9"/>
      <line num="216" type="stmt" count="9"/>
      <line num="217" type="stmt" count="3"/>
      <line num="218" type="stmt" count="3"/>
      <line num="219" type="stmt" count="3"/>
      <line num="220" type="stmt" count="3"/>
      <line num="221" type="stmt" count="3"/>
      <line num="224" type="stmt" count="6"/>
      <line num="226" type="stmt" count="6"/>
      <line num="227" type="stmt" count="3"/>
      <line num="228" type="stmt" count="3"/>
      <line num="229" type="stmt" count="3"/>
      <line num="230" type="stmt" count="3"/>
      <line num="231" type="stmt" count="3"/>
      <line num="235" type="stmt" count="3"/>
      <line num="236" type="stmt" count="3"/>
      <line num="237" type="stmt" count="3"/>
      <line num="238" type="stmt" count="3"/>
      <line num="240" type="stmt" count="3"/>
      <line num="241" type="stmt" count="3"/>
      <line num="242" type="stmt" count="3"/>
      <line num="243" type="stmt" count="3"/>
      <line num="244" type="stmt" count="3"/>
      <line num="245" type="stmt" count="3"/>
      <line num="246" type="stmt" count="9"/>
      <line num="249" type="method" name="monitor" visibility="public" complexity="4" crap="20" count="0"/>
      <line num="250" type="stmt" count="0"/>
      <line num="251" type="stmt" count="0"/>
      <line num="252" type="stmt" count="0"/>
      <line num="254" type="stmt" count="0"/>
      <line num="255" type="stmt" count="0"/>
      <line num="258" type="stmt" count="0"/>
      <line num="261" type="stmt" count="0"/>
      <line num="262" type="stmt" count="0"/>
      <line num="265" type="stmt" count="0"/>
      <line num="266" type="stmt" count="0"/>
      <line num="267" type="stmt" count="0"/>
      <line num="268" type="stmt" count="0"/>
      <line num="271" type="stmt" count="0"/>
      <line num="273" type="stmt" count="0"/>
      <line num="274" type="stmt" count="0"/>
      <line num="275" type="stmt" count="0"/>
      <line num="276" type="stmt" count="0"/>
      <line num="277" type="stmt" count="0"/>
      <line num="278" type="stmt" count="0"/>
      <line num="279" type="stmt" count="0"/>
      <line num="280" type="stmt" count="0"/>
      <line num="281" type="stmt" count="0"/>
      <line num="284" type="method" name="active_jobs" visibility="public" complexity="3" crap="12" count="0"/>
      <line num="285" type="stmt" count="0"/>
      <line num="286" type="stmt" count="0"/>
      <line num="289" type="stmt" count="0"/>
      <line num="290" type="stmt" count="0"/>
      <line num="291" type="stmt" count="0"/>
      <line num="293" type="stmt" count="0"/>
      <line num="294" type="stmt" count="0"/>
      <line num="295" type="stmt" count="0"/>
      <line num="296" type="stmt" count="0"/>
      <line num="297" type="stmt" count="0"/>
      <line num="298" type="stmt" count="0"/>
      <line num="300" type="stmt" count="0"/>
      <line num="301" type="stmt" count="0"/>
      <line num="302" type="stmt" count="0"/>
      <line num="303" type="stmt" count="0"/>
      <line num="306" type="stmt" count="0"/>
      <line num="307" type="stmt" count="0"/>
      <line num="311" type="stmt" count="0"/>
      <line num="312" type="stmt" count="0"/>
      <line num="313" type="stmt" count="0"/>
      <line num="314" type="stmt" count="0"/>
      <line num="315" type="stmt" count="0"/>
      <line num="316" type="stmt" count="0"/>
      <line num="317" type="stmt" count="0"/>
      <line num="323" type="method" name="execute_with_retry" visibility="private" complexity="6" crap="11.06" count="9"/>
      <line num="325" type="stmt" count="9"/>
      <line num="326" type="stmt" count="9"/>
      <line num="328" type="stmt" count="9"/>
      <line num="329" type="stmt" count="3"/>
      <line num="330" type="stmt" count="6"/>
      <line num="331" type="stmt" count="3"/>
      <line num="332" type="stmt" count="3"/>
      <line num="333" type="stmt" count="3"/>
      <line num="335" type="stmt" count="0"/>
      <line num="337" type="stmt" count="9"/>
      <line num="338" type="stmt" count="9"/>
      <line num="339" type="stmt" count="9"/>
      <line num="340" type="stmt" count="9"/>
      <line num="341" type="stmt" count="0"/>
      <line num="343" type="stmt" count="0"/>
      <line num="344" type="stmt" count="0"/>
      <line num="345" type="stmt" count="0"/>
      <line num="346" type="stmt" count="0"/>
      <line num="347" type="stmt" count="0"/>
      <line num="349" type="stmt" count="0"/>
      <line num="350" type="stmt" count="0"/>
      <line num="351" type="stmt" count="0"/>
      <line num="352" type="stmt" count="0"/>
      <line num="353" type="stmt" count="0"/>
      <line num="354" type="stmt" count="0"/>
      <line num="358" type="method" name="error_to_response" visibility="private" complexity="3" crap="3" count="9"/>
      <line num="359" type="stmt" count="9"/>
      <line num="360" type="stmt" count="9"/>
      <line num="361" type="stmt" count="9"/>
      <line num="362" type="stmt" count="9"/>
      <line num="363" type="stmt" count="9"/>
      <line num="370" type="method" name="with_auth" visibility="private" complexity="2" crap="2" count="57"/>
      <line num="371" type="stmt" count="57"/>
      <line num="372" type="stmt" count="57"/>
      <line num="373" type="stmt" count="9"/>
      <line num="375" type="stmt" count="48"/>
      <line num="378" type="method" name="handle_health" visibility="private" complexity="1" crap="2" count="0"/>
      <line num="379" type="stmt" count="0"/>
      <line num="380" type="stmt" count="0"/>
      <line num="381" type="stmt" count="0"/>
      <line num="382" type="stmt" count="0"/>
      <line num="383" type="stmt" count="0"/>
      <line num="384" type="stmt" count="0"/>
      <line num="387" type="method" name="handle_prepare" visibility="private" complexity="1" crap="2" count="0"/>
      <line num="388" type="stmt" count="0"/>
      <line num="389" type="stmt" count="0"/>
      <line num="390" type="stmt" count="0"/>
      <line num="393" type="stmt" count="0"/>
      <line num="394" type="stmt" count="0"/>
      <line num="395" type="stmt" count="0"/>
      <line num="396" type="stmt" count="0"/>
      <line num="397" type="stmt" count="0"/>
      <line num="399" type="stmt" count="0"/>
      <line num="400" type="stmt" count="0"/>
      <line num="401" type="stmt" count="0"/>
      <line num="402" type="stmt" count="0"/>
      <line num="403" type="stmt" count="0"/>
      <line num="406" type="method" name="handle_db_import" visibility="private" complexity="3" crap="3.21" count="3"/>
      <line num="407" type="stmt" count="3"/>
      <line num="408" type="stmt" count="3"/>
      <line num="409" type="stmt" count="0"/>
      <line num="411" type="stmt" count="3"/>
      <line num="413" type="stmt" count="3"/>
      <line num="415" type="stmt" count="3"/>
      <line num="416" type="stmt" count="0"/>
      <line num="417" type="stmt" count="0"/>
      <line num="418" type="stmt" count="0"/>
      <line num="419" type="stmt" count="0"/>
      <line num="420" type="stmt" count="0"/>
      <line num="424" type="stmt" count="3"/>
      <line num="425" type="stmt" count="3"/>
      <line num="426" type="stmt" count="3"/>
      <line num="427" type="stmt" count="3"/>
      <line num="429" type="stmt" count="3"/>
      <line num="430" type="stmt" count="3"/>
      <line num="431" type="stmt" count="3"/>
      <line num="432" type="stmt" count="3"/>
      <line num="433" type="stmt" count="3"/>
      <line num="434" type="stmt" count="3"/>
      <line num="437" type="method" name="handle_search_replace" visibility="private" complexity="3" crap="3.24" count="3"/>
      <line num="438" type="stmt" count="3"/>
      <line num="439" type="stmt" count="3"/>
      <line num="440" type="stmt" count="0"/>
      <line num="443" type="stmt" count="3"/>
      <line num="445" type="stmt" count="3"/>
      <line num="446" type="stmt" count="0"/>
      <line num="447" type="stmt" count="0"/>
      <line num="448" type="stmt" count="0"/>
      <line num="449" type="stmt" count="0"/>
      <line num="450" type="stmt" count="0"/>
      <line num="454" type="stmt" count="3"/>
      <line num="455" type="stmt" count="3"/>
      <line num="456" type="stmt" count="3"/>
      <line num="457" type="stmt" count="3"/>
      <line num="459" type="stmt" count="3"/>
      <line num="460" type="stmt" count="3"/>
      <line num="461" type="stmt" count="3"/>
      <line num="462" type="stmt" count="3"/>
      <line num="463" type="stmt" count="3"/>
      <line num="464" type="stmt" count="3"/>
      <line num="467" type="method" name="handle_finalize" visibility="private" complexity="2" crap="2.18" count="3"/>
      <line num="470" type="stmt" count="3"/>
      <line num="473" type="stmt" count="3"/>
      <line num="476" type="stmt" count="3"/>
      <line num="477" type="stmt" count="3"/>
      <line num="478" type="stmt" count="3"/>
      <line num="479" type="stmt" count="3"/>
      <line num="481" type="stmt" count="3"/>
      <line num="482" type="stmt" count="3"/>
      <line num="483" type="stmt" count="3"/>
      <line num="484" type="stmt" count="3"/>
      <line num="485" type="stmt" count="3"/>
      <line num="487" type="stmt" count="0"/>
      <line num="488" type="stmt" count="0"/>
      <line num="489" type="stmt" count="0"/>
      <line num="490" type="stmt" count="0"/>
      <line num="491" type="stmt" count="0"/>
      <line num="492" type="stmt" count="0"/>
      <line num="496" type="method" name="handle_rollback" visibility="private" complexity="2" crap="6" count="0"/>
      <line num="499" type="stmt" count="0"/>
      <line num="502" type="stmt" count="0"/>
      <line num="503" type="stmt" count="0"/>
      <line num="504" type="stmt" count="0"/>
      <line num="505" type="stmt" count="0"/>
      <line num="507" type="stmt" count="0"/>
      <line num="508" type="stmt" count="0"/>
      <line num="509" type="stmt" count="0"/>
      <line num="510" type="stmt" count="0"/>
      <line num="511" type="stmt" count="0"/>
      <line num="513" type="stmt" count="0"/>
      <line num="514" type="stmt" count="0"/>
      <line num="515" type="stmt" count="0"/>
      <line num="516" type="stmt" count="0"/>
      <line num="517" type="stmt" count="0"/>
      <line num="518" type="stmt" count="0"/>
      <line num="522" type="method" name="remove_maintenance_mode" visibility="private" complexity="2" crap="2.15" count="3"/>
      <line num="523" type="stmt" count="3"/>
      <line num="524" type="stmt" count="3"/>
      <line num="525" type="stmt" count="0"/>
      <line num="529" type="method" name="cleanup_temp_files" visibility="private" complexity="5" crap="14.11" count="3"/>
      <line num="530" type="stmt" count="3"/>
      <line num="531" type="stmt" count="3"/>
      <line num="533" type="stmt" count="0"/>
      <line num="534" type="stmt" count="0"/>
      <line num="535" type="stmt" count="0"/>
      <line num="536" type="stmt" count="0"/>
      <line num="537" type="stmt" count="0"/>
      <line num="544" type="method" name="has_rsync" visibility="private" complexity="1" crap="1" count="12"/>
      <line num="545" type="stmt" count="12"/>
      <line num="547" type="method" name="has_zstd" visibility="private" complexity="2" crap="2" count="12"/>
      <line num="548" type="stmt" count="12"/>
      <line num="550" type="method" name="has_wp_cli" visibility="private" complexity="2" crap="2" count="12"/>
      <line num="551" type="stmt" count="12"/>
      <line num="553" type="method" name="binary_exists" visibility="private" complexity="2" crap="2" count="12"/>
      <line num="554" type="stmt" count="12"/>
      <line num="555" type="stmt" count="12"/>
      <line num="556" type="stmt" count="12"/>
      <metrics loc="561" ncloc="532" classes="1" methods="27" coveredmethods="11" conditionals="0" coveredconditionals="0" statements="351" coveredstatements="160" elements="378" coveredelements="171"/>
    </file>
    <file name="/Users/vidarbrekke/Dev/CursorApps/wp-migrate/wp-migrate/src/Security/HmacAuth.php">
      <class name="WpMigrate\Security\HmacAuth" namespace="global">
        <metrics complexity="26" methods="8" coveredmethods="6" conditionals="0" coveredconditionals="0" statements="60" coveredstatements="58" elements="68" coveredelements="64"/>
      </class>
      <line num="4" type="stmt" count="1"/>
      <line num="27" type="method" name="__construct" visibility="public" complexity="1" crap="1" count="54"/>
      <line num="28" type="stmt" count="54"/>
      <line num="34" type="method" name="verify_request" visibility="public" complexity="14" crap="14" count="54"/>
      <line num="35" type="stmt" count="54"/>
      <line num="36" type="stmt" count="54"/>
      <line num="37" type="stmt" count="54"/>
      <line num="39" type="stmt" count="54"/>
      <line num="40" type="stmt" count="3"/>
      <line num="43" type="stmt" count="51"/>
      <line num="44" type="stmt" count="3"/>
      <line num="47" type="stmt" count="48"/>
      <line num="48" type="stmt" count="48"/>
      <line num="49" type="stmt" count="48"/>
      <line num="50" type="stmt" count="48"/>
      <line num="51" type="stmt" count="48"/>
      <line num="53" type="stmt" count="48"/>
      <line num="54" type="stmt" count="3"/>
      <line num="58" type="stmt" count="45"/>
      <line num="59" type="stmt" count="45"/>
      <line num="60" type="stmt" count="45"/>
      <line num="61" type="stmt" count="9"/>
      <line num="65" type="stmt" count="36"/>
      <line num="66" type="stmt" count="3"/>
      <line num="70" type="stmt" count="36"/>
      <line num="71" type="stmt" count="36"/>
      <line num="72" type="stmt" count="36"/>
      <line num="73" type="stmt" count="36"/>
      <line num="74" type="stmt" count="3"/>
      <line num="78" type="stmt" count="33"/>
      <line num="79" type="stmt" count="33"/>
      <line num="80" type="stmt" count="33"/>
      <line num="81" type="stmt" count="33"/>
      <line num="82" type="stmt" count="33"/>
      <line num="83" type="stmt" count="33"/>
      <line num="84" type="stmt" count="33"/>
      <line num="85" type="stmt" count="3"/>
      <line num="88" type="stmt" count="30"/>
      <line num="89" type="stmt" count="30"/>
      <line num="92" type="method" name="normalize_path" visibility="private" complexity="2" crap="2.02" count="33"/>
      <line num="94" type="stmt" count="33"/>
      <line num="95" type="stmt" count="33"/>
      <line num="99" type="stmt" count="33"/>
      <line num="100" type="stmt" count="33"/>
      <line num="101" type="stmt" count="0"/>
      <line num="104" type="stmt" count="33"/>
      <line num="108" type="method" name="lowercase_headers" visibility="private" complexity="2" crap="2" count="48"/>
      <line num="109" type="stmt" count="48"/>
      <line num="110" type="stmt" count="48"/>
      <line num="113" type="stmt" count="45"/>
      <line num="114" type="stmt" count="45"/>
      <line num="116" type="stmt" count="48"/>
      <line num="119" type="method" name="extract_header_value" visibility="private" complexity="2" crap="2.06" count="48"/>
      <line num="120" type="stmt" count="48"/>
      <line num="121" type="stmt" count="48"/>
      <line num="122" type="stmt" count="0"/>
      <line num="124" type="stmt" count="48"/>
      <line num="127" type="method" name="is_nonce_used" visibility="private" complexity="1" crap="1" count="36"/>
      <line num="128" type="stmt" count="36"/>
      <line num="129" type="stmt" count="36"/>
      <line num="132" type="method" name="mark_nonce_used" visibility="private" complexity="1" crap="1" count="30"/>
      <line num="133" type="stmt" count="30"/>
      <line num="134" type="stmt" count="30"/>
      <line num="140" type="method" name="is_secure_request" visibility="private" complexity="3" crap="3" count="51"/>
      <line num="141" type="stmt" count="51"/>
      <line num="142" type="stmt" count="45"/>
      <line num="146" type="stmt" count="6"/>
      <line num="147" type="stmt" count="6"/>
      <line num="149" type="stmt" count="6"/>
      <metrics loc="154" ncloc="127" classes="1" methods="8" coveredmethods="6" conditionals="0" coveredconditionals="0" statements="61" coveredstatements="59" elements="69" coveredelements="65"/>
    </file>
    <file name="/Users/vidarbrekke/Dev/CursorApps/wp-migrate/wp-migrate/src/State/StateStore.php">
      <class name="WpMigrate\State\StateStore" namespace="global">
        <metrics complexity="4" methods="3" coveredmethods="2" conditionals="0" coveredconditionals="0" statements="4" coveredstatements="3" elements="7" coveredelements="5"/>
      </class>
      <line num="4" type="stmt" count="1"/>
      <line num="10" type="method" name="get_job" visibility="public" complexity="2" crap="2" count="20"/>
      <line num="11" type="stmt" count="20"/>
      <line num="12" type="stmt" count="20"/>
      <line num="16" type="method" name="put_job" visibility="public" complexity="1" crap="1" count="20"/>
      <line num="17" type="stmt" count="20"/>
      <line num="20" type="method" name="delete_job" visibility="public" complexity="1" crap="2" count="0"/>
      <line num="21" type="stmt" count="0"/>
      <metrics loc="26" ncloc="24" classes="1" methods="3" coveredmethods="2" conditionals="0" coveredconditionals="0" statements="5" coveredstatements="4" elements="8" coveredelements="6"/>
    </file>
    <metrics files="14" loc="2716" ncloc="2453" classes="14" methods="128" coveredmethods="50" conditionals="0" coveredconditionals="0" statements="1405" coveredstatements="490" elements="1533" coveredelements="540"/>
  </project>
</coverage>
