<?xml version="1.0" encoding="UTF-8"?>
<testsuites>
  <testsuite name="/Users/vidarbrekke/Dev/CursorApps/wp-migrate/mk-wc-plugin-starter/phpunit.xml" tests="18" assertions="28" errors="0" failures="12" skipped="0" time="0.018707">
    <testsuite name="WP-Migrate Security Tests" tests="18" assertions="28" errors="0" failures="12" skipped="0" time="0.018707">
      <testsuite name="MK\WcPluginStarter\Tests\Security\HmacAuthTest" file="/Users/vidarbrekke/Dev/CursorApps/wp-migrate/mk-wc-plugin-starter/tests/Security/HmacAuthTest.php" tests="18" assertions="28" errors="0" failures="12" skipped="0" time="0.018707">
        <testcase name="test_verify_request_success" file="/Users/vidarbrekke/Dev/CursorApps/wp-migrate/mk-wc-plugin-starter/tests/Security/HmacAuthTest.php" line="43" class="MK\WcPluginStarter\Tests\Security\HmacAuthTest" classname="MK.WcPluginStarter.Tests.Security.HmacAuthTest" assertions="1" time="0.011655">
          <failure type="PHPUnit\Framework\ExpectationFailedException">MK\WcPluginStarter\Tests\Security\HmacAuthTest::test_verify_request_success
Failed asserting that WP_Error Object #500 (
    'code' =&gt; 'ETS_SKEW',
    'message' =&gt; 'Timestamp skew too large',
    'data' =&gt; Array &amp;0 [
        'status' =&gt; 401,
    ],
) is of type array.

/Users/vidarbrekke/Dev/CursorApps/wp-migrate/mk-wc-plugin-starter/tests/Security/HmacAuthTest.php:58</failure>
        </testcase>
        <testcase name="test_verify_request_missing_shared_key" file="/Users/vidarbrekke/Dev/CursorApps/wp-migrate/mk-wc-plugin-starter/tests/Security/HmacAuthTest.php" line="69" class="MK\WcPluginStarter\Tests\Security\HmacAuthTest" classname="MK.WcPluginStarter.Tests.Security.HmacAuthTest" assertions="3" time="0.000935"/>
        <testcase name="test_verify_request_missing_headers" file="/Users/vidarbrekke/Dev/CursorApps/wp-migrate/mk-wc-plugin-starter/tests/Security/HmacAuthTest.php" line="87" class="MK\WcPluginStarter\Tests\Security\HmacAuthTest" classname="MK.WcPluginStarter.Tests.Security.HmacAuthTest" assertions="3" time="0.000425"/>
        <testcase name="test_verify_request_timestamp_skew" file="/Users/vidarbrekke/Dev/CursorApps/wp-migrate/mk-wc-plugin-starter/tests/Security/HmacAuthTest.php" line="101" class="MK\WcPluginStarter\Tests\Security\HmacAuthTest" classname="MK.WcPluginStarter.Tests.Security.HmacAuthTest" assertions="2" time="0.000109"/>
        <testcase name="test_verify_request_future_timestamp" file="/Users/vidarbrekke/Dev/CursorApps/wp-migrate/mk-wc-plugin-starter/tests/Security/HmacAuthTest.php" line="124" class="MK\WcPluginStarter\Tests\Security\HmacAuthTest" classname="MK.WcPluginStarter.Tests.Security.HmacAuthTest" assertions="2" time="0.000088"/>
        <testcase name="test_verify_request_nonce_replay" file="/Users/vidarbrekke/Dev/CursorApps/wp-migrate/mk-wc-plugin-starter/tests/Security/HmacAuthTest.php" line="147" class="MK\WcPluginStarter\Tests\Security\HmacAuthTest" classname="MK.WcPluginStarter.Tests.Security.HmacAuthTest" assertions="1" time="0.000368">
          <failure type="PHPUnit\Framework\ExpectationFailedException">MK\WcPluginStarter\Tests\Security\HmacAuthTest::test_verify_request_nonce_replay
Failed asserting that WP_Error Object #742 (
    'code' =&gt; 'ETS_SKEW',
    'message' =&gt; 'Timestamp skew too large',
    'data' =&gt; Array &amp;0 [
        'status' =&gt; 401,
    ],
) is of type array.

/Users/vidarbrekke/Dev/CursorApps/wp-migrate/mk-wc-plugin-starter/tests/Security/HmacAuthTest.php:154</failure>
        </testcase>
        <testcase name="test_verify_request_invalid_signature" file="/Users/vidarbrekke/Dev/CursorApps/wp-migrate/mk-wc-plugin-starter/tests/Security/HmacAuthTest.php" line="166" class="MK\WcPluginStarter\Tests\Security\HmacAuthTest" classname="MK.WcPluginStarter.Tests.Security.HmacAuthTest" assertions="2" time="0.001723">
          <failure type="PHPUnit\Framework\ExpectationFailedException">MK\WcPluginStarter\Tests\Security\HmacAuthTest::test_verify_request_invalid_signature
Failed asserting that two strings are equal.
--- Expected
+++ Actual
@@ @@
-'EAUTH'
+'ETS_SKEW'

/Users/vidarbrekke/Dev/CursorApps/wp-migrate/mk-wc-plugin-starter/tests/Security/HmacAuthTest.php:176</failure>
        </testcase>
        <testcase name="test_verify_request_peer_mismatch" file="/Users/vidarbrekke/Dev/CursorApps/wp-migrate/mk-wc-plugin-starter/tests/Security/HmacAuthTest.php" line="183" class="MK\WcPluginStarter\Tests\Security\HmacAuthTest" classname="MK.WcPluginStarter.Tests.Security.HmacAuthTest" assertions="2" time="0.000315">
          <failure type="PHPUnit\Framework\ExpectationFailedException">MK\WcPluginStarter\Tests\Security\HmacAuthTest::test_verify_request_peer_mismatch
Failed asserting that two strings are equal.
--- Expected
+++ Actual
@@ @@
-'EAUTH'
+'ETS_SKEW'

/Users/vidarbrekke/Dev/CursorApps/wp-migrate/mk-wc-plugin-starter/tests/Security/HmacAuthTest.php:198</failure>
        </testcase>
        <testcase name="test_verify_request_peer_normalization" file="/Users/vidarbrekke/Dev/CursorApps/wp-migrate/mk-wc-plugin-starter/tests/Security/HmacAuthTest.php" line="205" class="MK\WcPluginStarter\Tests\Security\HmacAuthTest" classname="MK.WcPluginStarter.Tests.Security.HmacAuthTest" assertions="1" time="0.000342">
          <failure type="PHPUnit\Framework\ExpectationFailedException">MK\WcPluginStarter\Tests\Security\HmacAuthTest::test_verify_request_peer_normalization
Failed asserting that WP_Error Object #713 (
    'code' =&gt; 'ETS_SKEW',
    'message' =&gt; 'Timestamp skew too large',
    'data' =&gt; Array &amp;0 [
        'status' =&gt; 401,
    ],
) is of type array.

/Users/vidarbrekke/Dev/CursorApps/wp-migrate/mk-wc-plugin-starter/tests/Security/HmacAuthTest.php:219</failure>
        </testcase>
        <testcase name="test_verify_request_tls_required" file="/Users/vidarbrekke/Dev/CursorApps/wp-migrate/mk-wc-plugin-starter/tests/Security/HmacAuthTest.php" line="225" class="MK\WcPluginStarter\Tests\Security\HmacAuthTest" classname="MK.WcPluginStarter.Tests.Security.HmacAuthTest" assertions="3" time="0.000108"/>
        <testcase name="test_verify_request_proxy_ssl_detection" file="/Users/vidarbrekke/Dev/CursorApps/wp-migrate/mk-wc-plugin-starter/tests/Security/HmacAuthTest.php" line="246" class="MK\WcPluginStarter\Tests\Security\HmacAuthTest" classname="MK.WcPluginStarter.Tests.Security.HmacAuthTest" assertions="1" time="0.000280">
          <failure type="PHPUnit\Framework\ExpectationFailedException">MK\WcPluginStarter\Tests\Security\HmacAuthTest::test_verify_request_proxy_ssl_detection
Failed asserting that WP_Error Object #667 (
    'code' =&gt; 'ETS_SKEW',
    'message' =&gt; 'Timestamp skew too large',
    'data' =&gt; Array &amp;0 [
        'status' =&gt; 401,
    ],
) is of type array.

/Users/vidarbrekke/Dev/CursorApps/wp-migrate/mk-wc-plugin-starter/tests/Security/HmacAuthTest.php:259</failure>
        </testcase>
        <testcase name="test_verify_request_different_methods" file="/Users/vidarbrekke/Dev/CursorApps/wp-migrate/mk-wc-plugin-starter/tests/Security/HmacAuthTest.php" line="265" class="MK\WcPluginStarter\Tests\Security\HmacAuthTest" classname="MK.WcPluginStarter.Tests.Security.HmacAuthTest" assertions="1" time="0.000284">
          <failure type="PHPUnit\Framework\ExpectationFailedException">MK\WcPluginStarter\Tests\Security\HmacAuthTest::test_verify_request_different_methods
Authentication should work for GET method
Failed asserting that WP_Error Object #667 (
    'code' =&gt; 'ETS_SKEW',
    'message' =&gt; 'Timestamp skew too large',
    'data' =&gt; Array &amp;0 [
        'status' =&gt; 401,
    ],
) is of type array.

/Users/vidarbrekke/Dev/CursorApps/wp-migrate/mk-wc-plugin-starter/tests/Security/HmacAuthTest.php:280</failure>
        </testcase>
        <testcase name="test_verify_request_path_normalization" file="/Users/vidarbrekke/Dev/CursorApps/wp-migrate/mk-wc-plugin-starter/tests/Security/HmacAuthTest.php" line="287" class="MK\WcPluginStarter\Tests\Security\HmacAuthTest" classname="MK.WcPluginStarter.Tests.Security.HmacAuthTest" assertions="1" time="0.000396">
          <failure type="PHPUnit\Framework\ExpectationFailedException">MK\WcPluginStarter\Tests\Security\HmacAuthTest::test_verify_request_path_normalization
Failed asserting that WP_Error Object #667 (
    'code' =&gt; 'ETS_SKEW',
    'message' =&gt; 'Timestamp skew too large',
    'data' =&gt; Array &amp;0 [
        'status' =&gt; 401,
    ],
) is of type array.

/Users/vidarbrekke/Dev/CursorApps/wp-migrate/mk-wc-plugin-starter/tests/Security/HmacAuthTest.php:301</failure>
        </testcase>
        <testcase name="test_verify_request_empty_body" file="/Users/vidarbrekke/Dev/CursorApps/wp-migrate/mk-wc-plugin-starter/tests/Security/HmacAuthTest.php" line="308" class="MK\WcPluginStarter\Tests\Security\HmacAuthTest" classname="MK.WcPluginStarter.Tests.Security.HmacAuthTest" assertions="1" time="0.000306">
          <failure type="PHPUnit\Framework\ExpectationFailedException">MK\WcPluginStarter\Tests\Security\HmacAuthTest::test_verify_request_empty_body
Failed asserting that WP_Error Object #667 (
    'code' =&gt; 'ETS_SKEW',
    'message' =&gt; 'Timestamp skew too large',
    'data' =&gt; Array &amp;0 [
        'status' =&gt; 401,
    ],
) is of type array.

/Users/vidarbrekke/Dev/CursorApps/wp-migrate/mk-wc-plugin-starter/tests/Security/HmacAuthTest.php:321</failure>
        </testcase>
        <testcase name="test_verify_request_large_body" file="/Users/vidarbrekke/Dev/CursorApps/wp-migrate/mk-wc-plugin-starter/tests/Security/HmacAuthTest.php" line="327" class="MK\WcPluginStarter\Tests\Security\HmacAuthTest" classname="MK.WcPluginStarter.Tests.Security.HmacAuthTest" assertions="1" time="0.000688">
          <failure type="PHPUnit\Framework\ExpectationFailedException">MK\WcPluginStarter\Tests\Security\HmacAuthTest::test_verify_request_large_body
Failed asserting that WP_Error Object #667 (
    'code' =&gt; 'ETS_SKEW',
    'message' =&gt; 'Timestamp skew too large',
    'data' =&gt; Array &amp;0 [
        'status' =&gt; 401,
    ],
) is of type array.

/Users/vidarbrekke/Dev/CursorApps/wp-migrate/mk-wc-plugin-starter/tests/Security/HmacAuthTest.php:341</failure>
        </testcase>
        <testcase name="test_verify_request_concurrent_different_nonces" file="/Users/vidarbrekke/Dev/CursorApps/wp-migrate/mk-wc-plugin-starter/tests/Security/HmacAuthTest.php" line="347" class="MK\WcPluginStarter\Tests\Security\HmacAuthTest" classname="MK.WcPluginStarter.Tests.Security.HmacAuthTest" assertions="1" time="0.000323">
          <failure type="PHPUnit\Framework\ExpectationFailedException">MK\WcPluginStarter\Tests\Security\HmacAuthTest::test_verify_request_concurrent_different_nonces
Failed asserting that WP_Error Object #667 (
    'code' =&gt; 'ETS_SKEW',
    'message' =&gt; 'Timestamp skew too large',
    'data' =&gt; Array &amp;0 [
        'status' =&gt; 401,
    ],
) is of type array.

/Users/vidarbrekke/Dev/CursorApps/wp-migrate/mk-wc-plugin-starter/tests/Security/HmacAuthTest.php:360</failure>
        </testcase>
        <testcase name="test_verify_request_malformed_headers" file="/Users/vidarbrekke/Dev/CursorApps/wp-migrate/mk-wc-plugin-starter/tests/Security/HmacAuthTest.php" line="367" class="MK\WcPluginStarter\Tests\Security\HmacAuthTest" classname="MK.WcPluginStarter.Tests.Security.HmacAuthTest" assertions="1" time="0.000091"/>
        <testcase name="test_verify_request_header_case_insensitivity" file="/Users/vidarbrekke/Dev/CursorApps/wp-migrate/mk-wc-plugin-starter/tests/Security/HmacAuthTest.php" line="382" class="MK\WcPluginStarter\Tests\Security\HmacAuthTest" classname="MK.WcPluginStarter.Tests.Security.HmacAuthTest" assertions="1" time="0.000270">
          <failure type="PHPUnit\Framework\ExpectationFailedException">MK\WcPluginStarter\Tests\Security\HmacAuthTest::test_verify_request_header_case_insensitivity
Failed asserting that WP_Error Object #573 (
    'code' =&gt; 'ETS_SKEW',
    'message' =&gt; 'Timestamp skew too large',
    'data' =&gt; Array &amp;0 [
        'status' =&gt; 401,
    ],
) is of type array.

/Users/vidarbrekke/Dev/CursorApps/wp-migrate/mk-wc-plugin-starter/tests/Security/HmacAuthTest.php:396</failure>
        </testcase>
      </testsuite>
    </testsuite>
  </testsuite>
</testsuites>
